2019-03-19 13:18:43 [127.0.0.1][-][bqsud1etjdnj4722qm3tccuq61][error][yii\base\ErrorException:2] yii\base\ErrorException: file_get_contents(/some.txt): failed to open stream: No such file or directory in /var/www/html/app.loc/models/Parser.php:30
Stack trace:
#0 /var/www/html/app.loc/models/Parser.php(24): app\models\Parser->getContent()
#1 /var/www/html/app.loc/views/site/index.php(11): app\models\Parser->parse()
#2 /var/www/html/app.loc/vendor/yiisoft/yii2/base/View.php(336): yii\web\View->unknown()
#3 /var/www/html/app.loc/vendor/yiisoft/yii2/base/View.php(254): yii\web\View->renderPhpFile()
#4 /var/www/html/app.loc/vendor/yiisoft/yii2/base/View.php(156): yii\web\View->renderFile()
#5 /var/www/html/app.loc/vendor/yiisoft/yii2/base/Controller.php(384): yii\web\View->render()
#6 /var/www/html/app.loc/controllers/SiteController.php(66): app\controllers\SiteController->render()
#7 /var/www/html/app.loc/vendor/yiisoft/yii2/base/InlineAction.php(57): app\controllers\SiteController->actionIndex()
#8 /var/www/html/app.loc/vendor/yiisoft/yii2/base/InlineAction.php(57): ::call_user_func_array:{/var/www/html/app.loc/vendor/yiisoft/yii2/base/InlineAction.php:57}()
#9 /var/www/html/app.loc/vendor/yiisoft/yii2/base/Controller.php(157): yii\base\InlineAction->runWithParams()
#10 /var/www/html/app.loc/vendor/yiisoft/yii2/base/Module.php(528): app\controllers\SiteController->runAction()
#11 /var/www/html/app.loc/vendor/yiisoft/yii2/web/Application.php(103): yii\web\Application->runAction()
#12 /var/www/html/app.loc/vendor/yiisoft/yii2/base/Application.php(386): yii\web\Application->handleRequest()
#13 /var/www/html/app.loc/web/index.php(12): yii\web\Application->run()
#14 {main}
2019-03-19 13:18:43 [127.0.0.1][-][bqsud1etjdnj4722qm3tccuq61][info][application] $_GET = []

$_POST = []

$_FILES = []

$_COOKIE = [
    'PHPSESSID' => 'bqsud1etjdnj4722qm3tccuq61'
    '_csrf' => '13dba1f68db5b6017c233152d01e7f7f1d8d1a37972ee286d9579fbe50a0839ea:2:{i:0;s:5:\"_csrf\";i:1;s:32:\"jrTEde2qtAxu2VDiQ7mUnt1djajEsFzC\";}'
]

$_SESSION = [
    '__flash' => []
    '__captcha/site/captcha' => 'ctyojul'
    '__captcha/site/captchacount' => 1
]

$_SERVER = [
    'HTTP_HOST' => 'app.loc'
    'HTTP_CONNECTION' => 'keep-alive'
    'HTTP_CACHE_CONTROL' => 'max-age=0'
    'HTTP_UPGRADE_INSECURE_REQUESTS' => '1'
    'HTTP_USER_AGENT' => 'Mozilla/5.0 (X11; Linux x86_64) AppleWebKit/537.36 (KHTML, like Gecko) Chrome/73.0.3683.75 Safari/537.36'
    'HTTP_ACCEPT' => 'text/html,application/xhtml+xml,application/xml;q=0.9,image/webp,image/apng,*/*;q=0.8,application/signed-exchange;v=b3'
    'HTTP_REFERER' => 'http://app.loc/index.php/site/contact'
    'HTTP_ACCEPT_ENCODING' => 'gzip, deflate'
    'HTTP_ACCEPT_LANGUAGE' => 'ru-RU,ru;q=0.9,en-US;q=0.8,en;q=0.7,cs;q=0.6'
    'HTTP_COOKIE' => 'PHPSESSID=bqsud1etjdnj4722qm3tccuq61; _csrf=13dba1f68db5b6017c233152d01e7f7f1d8d1a37972ee286d9579fbe50a0839ea%3A2%3A%7Bi%3A0%3Bs%3A5%3A%22_csrf%22%3Bi%3A1%3Bs%3A32%3A%22jrTEde2qtAxu2VDiQ7mUnt1djajEsFzC%22%3B%7D'
    'PATH' => '/usr/local/sbin:/usr/local/bin:/usr/sbin:/usr/bin:/sbin:/bin'
    'SERVER_SIGNATURE' => '<address>Apache/2.4.38 (Ubuntu) Server at app.loc Port 80</address>
'
    'SERVER_SOFTWARE' => 'Apache/2.4.38 (Ubuntu)'
    'SERVER_NAME' => 'app.loc'
    'SERVER_ADDR' => '127.0.0.1'
    'SERVER_PORT' => '80'
    'REMOTE_ADDR' => '127.0.0.1'
    'DOCUMENT_ROOT' => '/var/www/html/app.loc/web'
    'REQUEST_SCHEME' => 'http'
    'CONTEXT_PREFIX' => ''
    'CONTEXT_DOCUMENT_ROOT' => '/var/www/html/app.loc/web'
    'SERVER_ADMIN' => '[no address given]'
    'SCRIPT_FILENAME' => '/var/www/html/app.loc/web/index.php'
    'REMOTE_PORT' => '52128'
    'GATEWAY_INTERFACE' => 'CGI/1.1'
    'SERVER_PROTOCOL' => 'HTTP/1.1'
    'REQUEST_METHOD' => 'GET'
    'QUERY_STRING' => ''
    'REQUEST_URI' => '/index.php'
    'SCRIPT_NAME' => '/index.php'
    'PHP_SELF' => '/index.php'
    'REQUEST_TIME_FLOAT' => 1552969123.53
    'REQUEST_TIME' => 1552969123
]
2019-03-19 13:55:02 [127.0.0.1][-][bqsud1etjdnj4722qm3tccuq61][error][yii\base\ErrorException:2] yii\base\ErrorException: Invalid argument supplied for foreach() in /var/www/html/app.loc/models/Parser.php:65
Stack trace:
#0 /var/www/html/app.loc/views/site/index.php(13): app\models\Parser->parse()
#1 /var/www/html/app.loc/vendor/yiisoft/yii2/base/View.php(336): yii\web\View->unknown()
#2 /var/www/html/app.loc/vendor/yiisoft/yii2/base/View.php(254): yii\web\View->renderPhpFile()
#3 /var/www/html/app.loc/vendor/yiisoft/yii2/base/View.php(156): yii\web\View->renderFile()
#4 /var/www/html/app.loc/vendor/yiisoft/yii2/base/Controller.php(384): yii\web\View->render()
#5 /var/www/html/app.loc/controllers/SiteController.php(66): app\controllers\SiteController->render()
#6 /var/www/html/app.loc/vendor/yiisoft/yii2/base/InlineAction.php(57): app\controllers\SiteController->actionIndex()
#7 /var/www/html/app.loc/vendor/yiisoft/yii2/base/InlineAction.php(57): ::call_user_func_array:{/var/www/html/app.loc/vendor/yiisoft/yii2/base/InlineAction.php:57}()
#8 /var/www/html/app.loc/vendor/yiisoft/yii2/base/Controller.php(157): yii\base\InlineAction->runWithParams()
#9 /var/www/html/app.loc/vendor/yiisoft/yii2/base/Module.php(528): app\controllers\SiteController->runAction()
#10 /var/www/html/app.loc/vendor/yiisoft/yii2/web/Application.php(103): yii\web\Application->runAction()
#11 /var/www/html/app.loc/vendor/yiisoft/yii2/base/Application.php(386): yii\web\Application->handleRequest()
#12 /var/www/html/app.loc/web/index.php(12): yii\web\Application->run()
#13 {main}
2019-03-19 13:55:02 [127.0.0.1][-][bqsud1etjdnj4722qm3tccuq61][info][application] $_GET = []

$_POST = []

$_FILES = []

$_COOKIE = [
    'PHPSESSID' => 'bqsud1etjdnj4722qm3tccuq61'
    '_csrf' => '13dba1f68db5b6017c233152d01e7f7f1d8d1a37972ee286d9579fbe50a0839ea:2:{i:0;s:5:\"_csrf\";i:1;s:32:\"jrTEde2qtAxu2VDiQ7mUnt1djajEsFzC\";}'
]

$_SESSION = [
    '__flash' => []
    '__captcha/site/captcha' => 'ctyojul'
    '__captcha/site/captchacount' => 1
]

$_SERVER = [
    'HTTP_HOST' => 'app.loc'
    'HTTP_CONNECTION' => 'keep-alive'
    'HTTP_CACHE_CONTROL' => 'max-age=0'
    'HTTP_UPGRADE_INSECURE_REQUESTS' => '1'
    'HTTP_USER_AGENT' => 'Mozilla/5.0 (X11; Linux x86_64) AppleWebKit/537.36 (KHTML, like Gecko) Chrome/73.0.3683.75 Safari/537.36'
    'HTTP_ACCEPT' => 'text/html,application/xhtml+xml,application/xml;q=0.9,image/webp,image/apng,*/*;q=0.8,application/signed-exchange;v=b3'
    'HTTP_REFERER' => 'http://app.loc/index.php/site/contact'
    'HTTP_ACCEPT_ENCODING' => 'gzip, deflate'
    'HTTP_ACCEPT_LANGUAGE' => 'ru-RU,ru;q=0.9,en-US;q=0.8,en;q=0.7,cs;q=0.6'
    'HTTP_COOKIE' => 'PHPSESSID=bqsud1etjdnj4722qm3tccuq61; _csrf=13dba1f68db5b6017c233152d01e7f7f1d8d1a37972ee286d9579fbe50a0839ea%3A2%3A%7Bi%3A0%3Bs%3A5%3A%22_csrf%22%3Bi%3A1%3Bs%3A32%3A%22jrTEde2qtAxu2VDiQ7mUnt1djajEsFzC%22%3B%7D'
    'PATH' => '/usr/local/sbin:/usr/local/bin:/usr/sbin:/usr/bin:/sbin:/bin'
    'SERVER_SIGNATURE' => '<address>Apache/2.4.38 (Ubuntu) Server at app.loc Port 80</address>
'
    'SERVER_SOFTWARE' => 'Apache/2.4.38 (Ubuntu)'
    'SERVER_NAME' => 'app.loc'
    'SERVER_ADDR' => '127.0.0.1'
    'SERVER_PORT' => '80'
    'REMOTE_ADDR' => '127.0.0.1'
    'DOCUMENT_ROOT' => '/var/www/html/app.loc/web'
    'REQUEST_SCHEME' => 'http'
    'CONTEXT_PREFIX' => ''
    'CONTEXT_DOCUMENT_ROOT' => '/var/www/html/app.loc/web'
    'SERVER_ADMIN' => '[no address given]'
    'SCRIPT_FILENAME' => '/var/www/html/app.loc/web/index.php'
    'REMOTE_PORT' => '53698'
    'GATEWAY_INTERFACE' => 'CGI/1.1'
    'SERVER_PROTOCOL' => 'HTTP/1.1'
    'REQUEST_METHOD' => 'GET'
    'QUERY_STRING' => ''
    'REQUEST_URI' => '/index.php'
    'SCRIPT_NAME' => '/index.php'
    'PHP_SELF' => '/index.php'
    'REQUEST_TIME_FLOAT' => 1552971302.907
    'REQUEST_TIME' => 1552971302
]
2019-03-19 13:55:14 [127.0.0.1][-][bqsud1etjdnj4722qm3tccuq61][error][yii\base\ErrorException:2] yii\base\ErrorException: Invalid argument supplied for foreach() in /var/www/html/app.loc/models/Parser.php:67
Stack trace:
#0 /var/www/html/app.loc/views/site/index.php(13): app\models\Parser->parse()
#1 /var/www/html/app.loc/vendor/yiisoft/yii2/base/View.php(336): yii\web\View->unknown()
#2 /var/www/html/app.loc/vendor/yiisoft/yii2/base/View.php(254): yii\web\View->renderPhpFile()
#3 /var/www/html/app.loc/vendor/yiisoft/yii2/base/View.php(156): yii\web\View->renderFile()
#4 /var/www/html/app.loc/vendor/yiisoft/yii2/base/Controller.php(384): yii\web\View->render()
#5 /var/www/html/app.loc/controllers/SiteController.php(66): app\controllers\SiteController->render()
#6 /var/www/html/app.loc/vendor/yiisoft/yii2/base/InlineAction.php(57): app\controllers\SiteController->actionIndex()
#7 /var/www/html/app.loc/vendor/yiisoft/yii2/base/InlineAction.php(57): ::call_user_func_array:{/var/www/html/app.loc/vendor/yiisoft/yii2/base/InlineAction.php:57}()
#8 /var/www/html/app.loc/vendor/yiisoft/yii2/base/Controller.php(157): yii\base\InlineAction->runWithParams()
#9 /var/www/html/app.loc/vendor/yiisoft/yii2/base/Module.php(528): app\controllers\SiteController->runAction()
#10 /var/www/html/app.loc/vendor/yiisoft/yii2/web/Application.php(103): yii\web\Application->runAction()
#11 /var/www/html/app.loc/vendor/yiisoft/yii2/base/Application.php(386): yii\web\Application->handleRequest()
#12 /var/www/html/app.loc/web/index.php(12): yii\web\Application->run()
#13 {main}
2019-03-19 13:55:13 [127.0.0.1][-][bqsud1etjdnj4722qm3tccuq61][info][application] $_GET = []

$_POST = []

$_FILES = []

$_COOKIE = [
    'PHPSESSID' => 'bqsud1etjdnj4722qm3tccuq61'
    '_csrf' => '13dba1f68db5b6017c233152d01e7f7f1d8d1a37972ee286d9579fbe50a0839ea:2:{i:0;s:5:\"_csrf\";i:1;s:32:\"jrTEde2qtAxu2VDiQ7mUnt1djajEsFzC\";}'
]

$_SESSION = [
    '__flash' => []
    '__captcha/site/captcha' => 'ctyojul'
    '__captcha/site/captchacount' => 1
]

$_SERVER = [
    'HTTP_HOST' => 'app.loc'
    'HTTP_CONNECTION' => 'keep-alive'
    'HTTP_CACHE_CONTROL' => 'max-age=0'
    'HTTP_UPGRADE_INSECURE_REQUESTS' => '1'
    'HTTP_USER_AGENT' => 'Mozilla/5.0 (X11; Linux x86_64) AppleWebKit/537.36 (KHTML, like Gecko) Chrome/73.0.3683.75 Safari/537.36'
    'HTTP_ACCEPT' => 'text/html,application/xhtml+xml,application/xml;q=0.9,image/webp,image/apng,*/*;q=0.8,application/signed-exchange;v=b3'
    'HTTP_REFERER' => 'http://app.loc/index.php/site/contact'
    'HTTP_ACCEPT_ENCODING' => 'gzip, deflate'
    'HTTP_ACCEPT_LANGUAGE' => 'ru-RU,ru;q=0.9,en-US;q=0.8,en;q=0.7,cs;q=0.6'
    'HTTP_COOKIE' => 'PHPSESSID=bqsud1etjdnj4722qm3tccuq61; _csrf=13dba1f68db5b6017c233152d01e7f7f1d8d1a37972ee286d9579fbe50a0839ea%3A2%3A%7Bi%3A0%3Bs%3A5%3A%22_csrf%22%3Bi%3A1%3Bs%3A32%3A%22jrTEde2qtAxu2VDiQ7mUnt1djajEsFzC%22%3B%7D'
    'PATH' => '/usr/local/sbin:/usr/local/bin:/usr/sbin:/usr/bin:/sbin:/bin'
    'SERVER_SIGNATURE' => '<address>Apache/2.4.38 (Ubuntu) Server at app.loc Port 80</address>
'
    'SERVER_SOFTWARE' => 'Apache/2.4.38 (Ubuntu)'
    'SERVER_NAME' => 'app.loc'
    'SERVER_ADDR' => '127.0.0.1'
    'SERVER_PORT' => '80'
    'REMOTE_ADDR' => '127.0.0.1'
    'DOCUMENT_ROOT' => '/var/www/html/app.loc/web'
    'REQUEST_SCHEME' => 'http'
    'CONTEXT_PREFIX' => ''
    'CONTEXT_DOCUMENT_ROOT' => '/var/www/html/app.loc/web'
    'SERVER_ADMIN' => '[no address given]'
    'SCRIPT_FILENAME' => '/var/www/html/app.loc/web/index.php'
    'REMOTE_PORT' => '53708'
    'GATEWAY_INTERFACE' => 'CGI/1.1'
    'SERVER_PROTOCOL' => 'HTTP/1.1'
    'REQUEST_METHOD' => 'GET'
    'QUERY_STRING' => ''
    'REQUEST_URI' => '/index.php'
    'SCRIPT_NAME' => '/index.php'
    'PHP_SELF' => '/index.php'
    'REQUEST_TIME_FLOAT' => 1552971313.99
    'REQUEST_TIME' => 1552971313
]
2019-03-19 13:55:57 [127.0.0.1][-][bqsud1etjdnj4722qm3tccuq61][error][yii\base\ErrorException:2] yii\base\ErrorException: Invalid argument supplied for foreach() in /var/www/html/app.loc/models/Parser.php:68
Stack trace:
#0 /var/www/html/app.loc/views/site/index.php(13): app\models\Parser->parse()
#1 /var/www/html/app.loc/vendor/yiisoft/yii2/base/View.php(336): yii\web\View->unknown()
#2 /var/www/html/app.loc/vendor/yiisoft/yii2/base/View.php(254): yii\web\View->renderPhpFile()
#3 /var/www/html/app.loc/vendor/yiisoft/yii2/base/View.php(156): yii\web\View->renderFile()
#4 /var/www/html/app.loc/vendor/yiisoft/yii2/base/Controller.php(384): yii\web\View->render()
#5 /var/www/html/app.loc/controllers/SiteController.php(66): app\controllers\SiteController->render()
#6 /var/www/html/app.loc/vendor/yiisoft/yii2/base/InlineAction.php(57): app\controllers\SiteController->actionIndex()
#7 /var/www/html/app.loc/vendor/yiisoft/yii2/base/InlineAction.php(57): ::call_user_func_array:{/var/www/html/app.loc/vendor/yiisoft/yii2/base/InlineAction.php:57}()
#8 /var/www/html/app.loc/vendor/yiisoft/yii2/base/Controller.php(157): yii\base\InlineAction->runWithParams()
#9 /var/www/html/app.loc/vendor/yiisoft/yii2/base/Module.php(528): app\controllers\SiteController->runAction()
#10 /var/www/html/app.loc/vendor/yiisoft/yii2/web/Application.php(103): yii\web\Application->runAction()
#11 /var/www/html/app.loc/vendor/yiisoft/yii2/base/Application.php(386): yii\web\Application->handleRequest()
#12 /var/www/html/app.loc/web/index.php(12): yii\web\Application->run()
#13 {main}
2019-03-19 13:55:57 [127.0.0.1][-][bqsud1etjdnj4722qm3tccuq61][info][application] $_GET = []

$_POST = []

$_FILES = []

$_COOKIE = [
    'PHPSESSID' => 'bqsud1etjdnj4722qm3tccuq61'
    '_csrf' => '13dba1f68db5b6017c233152d01e7f7f1d8d1a37972ee286d9579fbe50a0839ea:2:{i:0;s:5:\"_csrf\";i:1;s:32:\"jrTEde2qtAxu2VDiQ7mUnt1djajEsFzC\";}'
]

$_SESSION = [
    '__flash' => []
    '__captcha/site/captcha' => 'ctyojul'
    '__captcha/site/captchacount' => 1
]

$_SERVER = [
    'HTTP_HOST' => 'app.loc'
    'HTTP_CONNECTION' => 'keep-alive'
    'HTTP_CACHE_CONTROL' => 'max-age=0'
    'HTTP_UPGRADE_INSECURE_REQUESTS' => '1'
    'HTTP_USER_AGENT' => 'Mozilla/5.0 (X11; Linux x86_64) AppleWebKit/537.36 (KHTML, like Gecko) Chrome/73.0.3683.75 Safari/537.36'
    'HTTP_ACCEPT' => 'text/html,application/xhtml+xml,application/xml;q=0.9,image/webp,image/apng,*/*;q=0.8,application/signed-exchange;v=b3'
    'HTTP_REFERER' => 'http://app.loc/index.php/site/contact'
    'HTTP_ACCEPT_ENCODING' => 'gzip, deflate'
    'HTTP_ACCEPT_LANGUAGE' => 'ru-RU,ru;q=0.9,en-US;q=0.8,en;q=0.7,cs;q=0.6'
    'HTTP_COOKIE' => 'PHPSESSID=bqsud1etjdnj4722qm3tccuq61; _csrf=13dba1f68db5b6017c233152d01e7f7f1d8d1a37972ee286d9579fbe50a0839ea%3A2%3A%7Bi%3A0%3Bs%3A5%3A%22_csrf%22%3Bi%3A1%3Bs%3A32%3A%22jrTEde2qtAxu2VDiQ7mUnt1djajEsFzC%22%3B%7D'
    'PATH' => '/usr/local/sbin:/usr/local/bin:/usr/sbin:/usr/bin:/sbin:/bin'
    'SERVER_SIGNATURE' => '<address>Apache/2.4.38 (Ubuntu) Server at app.loc Port 80</address>
'
    'SERVER_SOFTWARE' => 'Apache/2.4.38 (Ubuntu)'
    'SERVER_NAME' => 'app.loc'
    'SERVER_ADDR' => '127.0.0.1'
    'SERVER_PORT' => '80'
    'REMOTE_ADDR' => '127.0.0.1'
    'DOCUMENT_ROOT' => '/var/www/html/app.loc/web'
    'REQUEST_SCHEME' => 'http'
    'CONTEXT_PREFIX' => ''
    'CONTEXT_DOCUMENT_ROOT' => '/var/www/html/app.loc/web'
    'SERVER_ADMIN' => '[no address given]'
    'SCRIPT_FILENAME' => '/var/www/html/app.loc/web/index.php'
    'REMOTE_PORT' => '53718'
    'GATEWAY_INTERFACE' => 'CGI/1.1'
    'SERVER_PROTOCOL' => 'HTTP/1.1'
    'REQUEST_METHOD' => 'GET'
    'QUERY_STRING' => ''
    'REQUEST_URI' => '/index.php'
    'SCRIPT_NAME' => '/index.php'
    'PHP_SELF' => '/index.php'
    'REQUEST_TIME_FLOAT' => 1552971357.343
    'REQUEST_TIME' => 1552971357
]
2019-03-19 13:56:18 [127.0.0.1][-][bqsud1etjdnj4722qm3tccuq61][error][yii\base\ErrorException:2] yii\base\ErrorException: Invalid argument supplied for foreach() in /var/www/html/app.loc/models/Parser.php:68
Stack trace:
#0 /var/www/html/app.loc/views/site/index.php(13): app\models\Parser->parse()
#1 /var/www/html/app.loc/vendor/yiisoft/yii2/base/View.php(336): yii\web\View->unknown()
#2 /var/www/html/app.loc/vendor/yiisoft/yii2/base/View.php(254): yii\web\View->renderPhpFile()
#3 /var/www/html/app.loc/vendor/yiisoft/yii2/base/View.php(156): yii\web\View->renderFile()
#4 /var/www/html/app.loc/vendor/yiisoft/yii2/base/Controller.php(384): yii\web\View->render()
#5 /var/www/html/app.loc/controllers/SiteController.php(66): app\controllers\SiteController->render()
#6 /var/www/html/app.loc/vendor/yiisoft/yii2/base/InlineAction.php(57): app\controllers\SiteController->actionIndex()
#7 /var/www/html/app.loc/vendor/yiisoft/yii2/base/InlineAction.php(57): ::call_user_func_array:{/var/www/html/app.loc/vendor/yiisoft/yii2/base/InlineAction.php:57}()
#8 /var/www/html/app.loc/vendor/yiisoft/yii2/base/Controller.php(157): yii\base\InlineAction->runWithParams()
#9 /var/www/html/app.loc/vendor/yiisoft/yii2/base/Module.php(528): app\controllers\SiteController->runAction()
#10 /var/www/html/app.loc/vendor/yiisoft/yii2/web/Application.php(103): yii\web\Application->runAction()
#11 /var/www/html/app.loc/vendor/yiisoft/yii2/base/Application.php(386): yii\web\Application->handleRequest()
#12 /var/www/html/app.loc/web/index.php(12): yii\web\Application->run()
#13 {main}
2019-03-19 13:56:18 [127.0.0.1][-][bqsud1etjdnj4722qm3tccuq61][info][application] $_GET = []

$_POST = []

$_FILES = []

$_COOKIE = [
    'PHPSESSID' => 'bqsud1etjdnj4722qm3tccuq61'
    '_csrf' => '13dba1f68db5b6017c233152d01e7f7f1d8d1a37972ee286d9579fbe50a0839ea:2:{i:0;s:5:\"_csrf\";i:1;s:32:\"jrTEde2qtAxu2VDiQ7mUnt1djajEsFzC\";}'
]

$_SESSION = [
    '__flash' => []
    '__captcha/site/captcha' => 'ctyojul'
    '__captcha/site/captchacount' => 1
]

$_SERVER = [
    'HTTP_HOST' => 'app.loc'
    'HTTP_CONNECTION' => 'keep-alive'
    'HTTP_CACHE_CONTROL' => 'max-age=0'
    'HTTP_UPGRADE_INSECURE_REQUESTS' => '1'
    'HTTP_USER_AGENT' => 'Mozilla/5.0 (X11; Linux x86_64) AppleWebKit/537.36 (KHTML, like Gecko) Chrome/73.0.3683.75 Safari/537.36'
    'HTTP_ACCEPT' => 'text/html,application/xhtml+xml,application/xml;q=0.9,image/webp,image/apng,*/*;q=0.8,application/signed-exchange;v=b3'
    'HTTP_REFERER' => 'http://app.loc/index.php/site/contact'
    'HTTP_ACCEPT_ENCODING' => 'gzip, deflate'
    'HTTP_ACCEPT_LANGUAGE' => 'ru-RU,ru;q=0.9,en-US;q=0.8,en;q=0.7,cs;q=0.6'
    'HTTP_COOKIE' => 'PHPSESSID=bqsud1etjdnj4722qm3tccuq61; _csrf=13dba1f68db5b6017c233152d01e7f7f1d8d1a37972ee286d9579fbe50a0839ea%3A2%3A%7Bi%3A0%3Bs%3A5%3A%22_csrf%22%3Bi%3A1%3Bs%3A32%3A%22jrTEde2qtAxu2VDiQ7mUnt1djajEsFzC%22%3B%7D'
    'PATH' => '/usr/local/sbin:/usr/local/bin:/usr/sbin:/usr/bin:/sbin:/bin'
    'SERVER_SIGNATURE' => '<address>Apache/2.4.38 (Ubuntu) Server at app.loc Port 80</address>
'
    'SERVER_SOFTWARE' => 'Apache/2.4.38 (Ubuntu)'
    'SERVER_NAME' => 'app.loc'
    'SERVER_ADDR' => '127.0.0.1'
    'SERVER_PORT' => '80'
    'REMOTE_ADDR' => '127.0.0.1'
    'DOCUMENT_ROOT' => '/var/www/html/app.loc/web'
    'REQUEST_SCHEME' => 'http'
    'CONTEXT_PREFIX' => ''
    'CONTEXT_DOCUMENT_ROOT' => '/var/www/html/app.loc/web'
    'SERVER_ADMIN' => '[no address given]'
    'SCRIPT_FILENAME' => '/var/www/html/app.loc/web/index.php'
    'REMOTE_PORT' => '53726'
    'GATEWAY_INTERFACE' => 'CGI/1.1'
    'SERVER_PROTOCOL' => 'HTTP/1.1'
    'REQUEST_METHOD' => 'GET'
    'QUERY_STRING' => ''
    'REQUEST_URI' => '/index.php'
    'SCRIPT_NAME' => '/index.php'
    'PHP_SELF' => '/index.php'
    'REQUEST_TIME_FLOAT' => 1552971378.942
    'REQUEST_TIME' => 1552971378
]
2019-03-19 14:10:47 [127.0.0.1][-][bqsud1etjdnj4722qm3tccuq61][error][yii\base\ErrorException:2] yii\base\ErrorException: file_get_contents(som2e.txt): failed to open stream: No such file or directory in /var/www/html/app.loc/models/Parser.php:63
Stack trace:
#0 /var/www/html/app.loc/models/Parser.php(32): app\models\Parser->getContent()
#1 /var/www/html/app.loc/views/site/index.php(13): app\models\Parser->parse()
#2 /var/www/html/app.loc/vendor/yiisoft/yii2/base/View.php(336): yii\web\View->unknown()
#3 /var/www/html/app.loc/vendor/yiisoft/yii2/base/View.php(254): yii\web\View->renderPhpFile()
#4 /var/www/html/app.loc/vendor/yiisoft/yii2/base/View.php(156): yii\web\View->renderFile()
#5 /var/www/html/app.loc/vendor/yiisoft/yii2/base/Controller.php(384): yii\web\View->render()
#6 /var/www/html/app.loc/controllers/SiteController.php(66): app\controllers\SiteController->render()
#7 /var/www/html/app.loc/vendor/yiisoft/yii2/base/InlineAction.php(57): app\controllers\SiteController->actionIndex()
#8 /var/www/html/app.loc/vendor/yiisoft/yii2/base/InlineAction.php(57): ::call_user_func_array:{/var/www/html/app.loc/vendor/yiisoft/yii2/base/InlineAction.php:57}()
#9 /var/www/html/app.loc/vendor/yiisoft/yii2/base/Controller.php(157): yii\base\InlineAction->runWithParams()
#10 /var/www/html/app.loc/vendor/yiisoft/yii2/base/Module.php(528): app\controllers\SiteController->runAction()
#11 /var/www/html/app.loc/vendor/yiisoft/yii2/web/Application.php(103): yii\web\Application->runAction()
#12 /var/www/html/app.loc/vendor/yiisoft/yii2/base/Application.php(386): yii\web\Application->handleRequest()
#13 /var/www/html/app.loc/web/index.php(12): yii\web\Application->run()
#14 {main}
2019-03-19 14:10:47 [127.0.0.1][-][bqsud1etjdnj4722qm3tccuq61][info][application] $_GET = []

$_POST = []

$_FILES = []

$_COOKIE = [
    'PHPSESSID' => 'bqsud1etjdnj4722qm3tccuq61'
    '_csrf' => '13dba1f68db5b6017c233152d01e7f7f1d8d1a37972ee286d9579fbe50a0839ea:2:{i:0;s:5:\"_csrf\";i:1;s:32:\"jrTEde2qtAxu2VDiQ7mUnt1djajEsFzC\";}'
]

$_SESSION = [
    '__flash' => []
    '__captcha/site/captcha' => 'ctyojul'
    '__captcha/site/captchacount' => 1
]

$_SERVER = [
    'HTTP_HOST' => 'app.loc'
    'HTTP_CONNECTION' => 'keep-alive'
    'HTTP_CACHE_CONTROL' => 'max-age=0'
    'HTTP_UPGRADE_INSECURE_REQUESTS' => '1'
    'HTTP_USER_AGENT' => 'Mozilla/5.0 (X11; Linux x86_64) AppleWebKit/537.36 (KHTML, like Gecko) Chrome/73.0.3683.75 Safari/537.36'
    'HTTP_ACCEPT' => 'text/html,application/xhtml+xml,application/xml;q=0.9,image/webp,image/apng,*/*;q=0.8,application/signed-exchange;v=b3'
    'HTTP_REFERER' => 'http://app.loc/index.php/site/contact'
    'HTTP_ACCEPT_ENCODING' => 'gzip, deflate'
    'HTTP_ACCEPT_LANGUAGE' => 'ru-RU,ru;q=0.9,en-US;q=0.8,en;q=0.7,cs;q=0.6'
    'HTTP_COOKIE' => 'PHPSESSID=bqsud1etjdnj4722qm3tccuq61; _csrf=13dba1f68db5b6017c233152d01e7f7f1d8d1a37972ee286d9579fbe50a0839ea%3A2%3A%7Bi%3A0%3Bs%3A5%3A%22_csrf%22%3Bi%3A1%3Bs%3A32%3A%22jrTEde2qtAxu2VDiQ7mUnt1djajEsFzC%22%3B%7D'
    'PATH' => '/usr/local/sbin:/usr/local/bin:/usr/sbin:/usr/bin:/sbin:/bin'
    'SERVER_SIGNATURE' => '<address>Apache/2.4.38 (Ubuntu) Server at app.loc Port 80</address>
'
    'SERVER_SOFTWARE' => 'Apache/2.4.38 (Ubuntu)'
    'SERVER_NAME' => 'app.loc'
    'SERVER_ADDR' => '127.0.0.1'
    'SERVER_PORT' => '80'
    'REMOTE_ADDR' => '127.0.0.1'
    'DOCUMENT_ROOT' => '/var/www/html/app.loc/web'
    'REQUEST_SCHEME' => 'http'
    'CONTEXT_PREFIX' => ''
    'CONTEXT_DOCUMENT_ROOT' => '/var/www/html/app.loc/web'
    'SERVER_ADMIN' => '[no address given]'
    'SCRIPT_FILENAME' => '/var/www/html/app.loc/web/index.php'
    'REMOTE_PORT' => '54512'
    'GATEWAY_INTERFACE' => 'CGI/1.1'
    'SERVER_PROTOCOL' => 'HTTP/1.1'
    'REQUEST_METHOD' => 'GET'
    'QUERY_STRING' => ''
    'REQUEST_URI' => '/index.php'
    'SCRIPT_NAME' => '/index.php'
    'PHP_SELF' => '/index.php'
    'REQUEST_TIME_FLOAT' => 1552972247.502
    'REQUEST_TIME' => 1552972247
]
2019-03-19 14:13:25 [127.0.0.1][-][bqsud1etjdnj4722qm3tccuq61][error][yii\web\HttpException:400] yii\web\HttpException: Не могу получить контент с ресурса som2e.txt.<br>file_get_contents(som2e.txt): failed to open stream: No such file or directory in /var/www/html/app.loc/models/Parser.php:67
Stack trace:
#0 /var/www/html/app.loc/models/Parser.php(32): app\models\Parser->getContent()
#1 /var/www/html/app.loc/views/site/index.php(13): app\models\Parser->parse(true)
#2 /var/www/html/app.loc/vendor/yiisoft/yii2/base/View.php(336): require('/var/www/html/a...')
#3 /var/www/html/app.loc/vendor/yiisoft/yii2/base/View.php(254): yii\base\View->renderPhpFile('/var/www/html/a...', Array)
#4 /var/www/html/app.loc/vendor/yiisoft/yii2/base/View.php(156): yii\base\View->renderFile('/var/www/html/a...', Array, Object(app\controllers\SiteController))
#5 /var/www/html/app.loc/vendor/yiisoft/yii2/base/Controller.php(384): yii\base\View->render('index', Array, Object(app\controllers\SiteController))
#6 /var/www/html/app.loc/controllers/SiteController.php(66): yii\base\Controller->render('index')
#7 [internal function]: app\controllers\SiteController->actionIndex()
#8 /var/www/html/app.loc/vendor/yiisoft/yii2/base/InlineAction.php(57): call_user_func_array(Array, Array)
#9 /var/www/html/app.loc/vendor/yiisoft/yii2/base/Controller.php(157): yii\base\InlineAction->runWithParams(Array)
#10 /var/www/html/app.loc/vendor/yiisoft/yii2/base/Module.php(528): yii\base\Controller->runAction('index', Array)
#11 /var/www/html/app.loc/vendor/yiisoft/yii2/web/Application.php(103): yii\base\Module->runAction('site/index', Array)
#12 /var/www/html/app.loc/vendor/yiisoft/yii2/base/Application.php(386): yii\web\Application->handleRequest(Object(yii\web\Request))
#13 /var/www/html/app.loc/web/index.php(12): yii\base\Application->run()
#14 {main}
2019-03-19 14:13:25 [127.0.0.1][-][bqsud1etjdnj4722qm3tccuq61][info][application] $_GET = []

$_POST = []

$_FILES = []

$_COOKIE = [
    'PHPSESSID' => 'bqsud1etjdnj4722qm3tccuq61'
    '_csrf' => '13dba1f68db5b6017c233152d01e7f7f1d8d1a37972ee286d9579fbe50a0839ea:2:{i:0;s:5:\"_csrf\";i:1;s:32:\"jrTEde2qtAxu2VDiQ7mUnt1djajEsFzC\";}'
]

$_SESSION = [
    '__flash' => []
    '__captcha/site/captcha' => 'ctyojul'
    '__captcha/site/captchacount' => 1
]

$_SERVER = [
    'HTTP_HOST' => 'app.loc'
    'HTTP_CONNECTION' => 'keep-alive'
    'HTTP_CACHE_CONTROL' => 'max-age=0'
    'HTTP_UPGRADE_INSECURE_REQUESTS' => '1'
    'HTTP_USER_AGENT' => 'Mozilla/5.0 (X11; Linux x86_64) AppleWebKit/537.36 (KHTML, like Gecko) Chrome/73.0.3683.75 Safari/537.36'
    'HTTP_ACCEPT' => 'text/html,application/xhtml+xml,application/xml;q=0.9,image/webp,image/apng,*/*;q=0.8,application/signed-exchange;v=b3'
    'HTTP_REFERER' => 'http://app.loc/index.php/site/contact'
    'HTTP_ACCEPT_ENCODING' => 'gzip, deflate'
    'HTTP_ACCEPT_LANGUAGE' => 'ru-RU,ru;q=0.9,en-US;q=0.8,en;q=0.7,cs;q=0.6'
    'HTTP_COOKIE' => 'PHPSESSID=bqsud1etjdnj4722qm3tccuq61; _csrf=13dba1f68db5b6017c233152d01e7f7f1d8d1a37972ee286d9579fbe50a0839ea%3A2%3A%7Bi%3A0%3Bs%3A5%3A%22_csrf%22%3Bi%3A1%3Bs%3A32%3A%22jrTEde2qtAxu2VDiQ7mUnt1djajEsFzC%22%3B%7D'
    'PATH' => '/usr/local/sbin:/usr/local/bin:/usr/sbin:/usr/bin:/sbin:/bin'
    'SERVER_SIGNATURE' => '<address>Apache/2.4.38 (Ubuntu) Server at app.loc Port 80</address>
'
    'SERVER_SOFTWARE' => 'Apache/2.4.38 (Ubuntu)'
    'SERVER_NAME' => 'app.loc'
    'SERVER_ADDR' => '127.0.0.1'
    'SERVER_PORT' => '80'
    'REMOTE_ADDR' => '127.0.0.1'
    'DOCUMENT_ROOT' => '/var/www/html/app.loc/web'
    'REQUEST_SCHEME' => 'http'
    'CONTEXT_PREFIX' => ''
    'CONTEXT_DOCUMENT_ROOT' => '/var/www/html/app.loc/web'
    'SERVER_ADMIN' => '[no address given]'
    'SCRIPT_FILENAME' => '/var/www/html/app.loc/web/index.php'
    'REMOTE_PORT' => '54700'
    'GATEWAY_INTERFACE' => 'CGI/1.1'
    'SERVER_PROTOCOL' => 'HTTP/1.1'
    'REQUEST_METHOD' => 'GET'
    'QUERY_STRING' => ''
    'REQUEST_URI' => '/index.php'
    'SCRIPT_NAME' => '/index.php'
    'PHP_SELF' => '/index.php'
    'REQUEST_TIME_FLOAT' => 1552972404.998
    'REQUEST_TIME' => 1552972404
]
2019-03-19 14:13:32 [127.0.0.1][-][bqsud1etjdnj4722qm3tccuq61][error][yii\web\HttpException:400] yii\web\HttpException: Не могу получить контент с ресурса som2e.txt.
file_get_contents(som2e.txt): failed to open stream: No such file or directory in /var/www/html/app.loc/models/Parser.php:67
Stack trace:
#0 /var/www/html/app.loc/models/Parser.php(32): app\models\Parser->getContent()
#1 /var/www/html/app.loc/views/site/index.php(13): app\models\Parser->parse(true)
#2 /var/www/html/app.loc/vendor/yiisoft/yii2/base/View.php(336): require('/var/www/html/a...')
#3 /var/www/html/app.loc/vendor/yiisoft/yii2/base/View.php(254): yii\base\View->renderPhpFile('/var/www/html/a...', Array)
#4 /var/www/html/app.loc/vendor/yiisoft/yii2/base/View.php(156): yii\base\View->renderFile('/var/www/html/a...', Array, Object(app\controllers\SiteController))
#5 /var/www/html/app.loc/vendor/yiisoft/yii2/base/Controller.php(384): yii\base\View->render('index', Array, Object(app\controllers\SiteController))
#6 /var/www/html/app.loc/controllers/SiteController.php(66): yii\base\Controller->render('index')
#7 [internal function]: app\controllers\SiteController->actionIndex()
#8 /var/www/html/app.loc/vendor/yiisoft/yii2/base/InlineAction.php(57): call_user_func_array(Array, Array)
#9 /var/www/html/app.loc/vendor/yiisoft/yii2/base/Controller.php(157): yii\base\InlineAction->runWithParams(Array)
#10 /var/www/html/app.loc/vendor/yiisoft/yii2/base/Module.php(528): yii\base\Controller->runAction('index', Array)
#11 /var/www/html/app.loc/vendor/yiisoft/yii2/web/Application.php(103): yii\base\Module->runAction('site/index', Array)
#12 /var/www/html/app.loc/vendor/yiisoft/yii2/base/Application.php(386): yii\web\Application->handleRequest(Object(yii\web\Request))
#13 /var/www/html/app.loc/web/index.php(12): yii\base\Application->run()
#14 {main}
2019-03-19 14:13:32 [127.0.0.1][-][bqsud1etjdnj4722qm3tccuq61][info][application] $_GET = []

$_POST = []

$_FILES = []

$_COOKIE = [
    'PHPSESSID' => 'bqsud1etjdnj4722qm3tccuq61'
    '_csrf' => '13dba1f68db5b6017c233152d01e7f7f1d8d1a37972ee286d9579fbe50a0839ea:2:{i:0;s:5:\"_csrf\";i:1;s:32:\"jrTEde2qtAxu2VDiQ7mUnt1djajEsFzC\";}'
]

$_SESSION = [
    '__flash' => []
    '__captcha/site/captcha' => 'ctyojul'
    '__captcha/site/captchacount' => 1
]

$_SERVER = [
    'HTTP_HOST' => 'app.loc'
    'HTTP_CONNECTION' => 'keep-alive'
    'HTTP_CACHE_CONTROL' => 'max-age=0'
    'HTTP_UPGRADE_INSECURE_REQUESTS' => '1'
    'HTTP_USER_AGENT' => 'Mozilla/5.0 (X11; Linux x86_64) AppleWebKit/537.36 (KHTML, like Gecko) Chrome/73.0.3683.75 Safari/537.36'
    'HTTP_ACCEPT' => 'text/html,application/xhtml+xml,application/xml;q=0.9,image/webp,image/apng,*/*;q=0.8,application/signed-exchange;v=b3'
    'HTTP_REFERER' => 'http://app.loc/index.php/site/contact'
    'HTTP_ACCEPT_ENCODING' => 'gzip, deflate'
    'HTTP_ACCEPT_LANGUAGE' => 'ru-RU,ru;q=0.9,en-US;q=0.8,en;q=0.7,cs;q=0.6'
    'HTTP_COOKIE' => 'PHPSESSID=bqsud1etjdnj4722qm3tccuq61; _csrf=13dba1f68db5b6017c233152d01e7f7f1d8d1a37972ee286d9579fbe50a0839ea%3A2%3A%7Bi%3A0%3Bs%3A5%3A%22_csrf%22%3Bi%3A1%3Bs%3A32%3A%22jrTEde2qtAxu2VDiQ7mUnt1djajEsFzC%22%3B%7D'
    'PATH' => '/usr/local/sbin:/usr/local/bin:/usr/sbin:/usr/bin:/sbin:/bin'
    'SERVER_SIGNATURE' => '<address>Apache/2.4.38 (Ubuntu) Server at app.loc Port 80</address>
'
    'SERVER_SOFTWARE' => 'Apache/2.4.38 (Ubuntu)'
    'SERVER_NAME' => 'app.loc'
    'SERVER_ADDR' => '127.0.0.1'
    'SERVER_PORT' => '80'
    'REMOTE_ADDR' => '127.0.0.1'
    'DOCUMENT_ROOT' => '/var/www/html/app.loc/web'
    'REQUEST_SCHEME' => 'http'
    'CONTEXT_PREFIX' => ''
    'CONTEXT_DOCUMENT_ROOT' => '/var/www/html/app.loc/web'
    'SERVER_ADMIN' => '[no address given]'
    'SCRIPT_FILENAME' => '/var/www/html/app.loc/web/index.php'
    'REMOTE_PORT' => '54718'
    'GATEWAY_INTERFACE' => 'CGI/1.1'
    'SERVER_PROTOCOL' => 'HTTP/1.1'
    'REQUEST_METHOD' => 'GET'
    'QUERY_STRING' => ''
    'REQUEST_URI' => '/index.php'
    'SCRIPT_NAME' => '/index.php'
    'PHP_SELF' => '/index.php'
    'REQUEST_TIME_FLOAT' => 1552972412.01
    'REQUEST_TIME' => 1552972412
]
2019-03-19 14:13:40 [127.0.0.1][-][bqsud1etjdnj4722qm3tccuq61][error][yii\web\HttpException:400] yii\web\HttpException: Не могу получить контент с ресурса som2e.txt.
 Ошибка: file_get_contents(som2e.txt): failed to open stream: No such file or directory in /var/www/html/app.loc/models/Parser.php:67
Stack trace:
#0 /var/www/html/app.loc/models/Parser.php(32): app\models\Parser->getContent()
#1 /var/www/html/app.loc/views/site/index.php(13): app\models\Parser->parse(true)
#2 /var/www/html/app.loc/vendor/yiisoft/yii2/base/View.php(336): require('/var/www/html/a...')
#3 /var/www/html/app.loc/vendor/yiisoft/yii2/base/View.php(254): yii\base\View->renderPhpFile('/var/www/html/a...', Array)
#4 /var/www/html/app.loc/vendor/yiisoft/yii2/base/View.php(156): yii\base\View->renderFile('/var/www/html/a...', Array, Object(app\controllers\SiteController))
#5 /var/www/html/app.loc/vendor/yiisoft/yii2/base/Controller.php(384): yii\base\View->render('index', Array, Object(app\controllers\SiteController))
#6 /var/www/html/app.loc/controllers/SiteController.php(66): yii\base\Controller->render('index')
#7 [internal function]: app\controllers\SiteController->actionIndex()
#8 /var/www/html/app.loc/vendor/yiisoft/yii2/base/InlineAction.php(57): call_user_func_array(Array, Array)
#9 /var/www/html/app.loc/vendor/yiisoft/yii2/base/Controller.php(157): yii\base\InlineAction->runWithParams(Array)
#10 /var/www/html/app.loc/vendor/yiisoft/yii2/base/Module.php(528): yii\base\Controller->runAction('index', Array)
#11 /var/www/html/app.loc/vendor/yiisoft/yii2/web/Application.php(103): yii\base\Module->runAction('site/index', Array)
#12 /var/www/html/app.loc/vendor/yiisoft/yii2/base/Application.php(386): yii\web\Application->handleRequest(Object(yii\web\Request))
#13 /var/www/html/app.loc/web/index.php(12): yii\base\Application->run()
#14 {main}
2019-03-19 14:13:40 [127.0.0.1][-][bqsud1etjdnj4722qm3tccuq61][info][application] $_GET = []

$_POST = []

$_FILES = []

$_COOKIE = [
    'PHPSESSID' => 'bqsud1etjdnj4722qm3tccuq61'
    '_csrf' => '13dba1f68db5b6017c233152d01e7f7f1d8d1a37972ee286d9579fbe50a0839ea:2:{i:0;s:5:\"_csrf\";i:1;s:32:\"jrTEde2qtAxu2VDiQ7mUnt1djajEsFzC\";}'
]

$_SESSION = [
    '__flash' => []
    '__captcha/site/captcha' => 'ctyojul'
    '__captcha/site/captchacount' => 1
]

$_SERVER = [
    'HTTP_HOST' => 'app.loc'
    'HTTP_CONNECTION' => 'keep-alive'
    'HTTP_CACHE_CONTROL' => 'max-age=0'
    'HTTP_UPGRADE_INSECURE_REQUESTS' => '1'
    'HTTP_USER_AGENT' => 'Mozilla/5.0 (X11; Linux x86_64) AppleWebKit/537.36 (KHTML, like Gecko) Chrome/73.0.3683.75 Safari/537.36'
    'HTTP_ACCEPT' => 'text/html,application/xhtml+xml,application/xml;q=0.9,image/webp,image/apng,*/*;q=0.8,application/signed-exchange;v=b3'
    'HTTP_REFERER' => 'http://app.loc/index.php/site/contact'
    'HTTP_ACCEPT_ENCODING' => 'gzip, deflate'
    'HTTP_ACCEPT_LANGUAGE' => 'ru-RU,ru;q=0.9,en-US;q=0.8,en;q=0.7,cs;q=0.6'
    'HTTP_COOKIE' => 'PHPSESSID=bqsud1etjdnj4722qm3tccuq61; _csrf=13dba1f68db5b6017c233152d01e7f7f1d8d1a37972ee286d9579fbe50a0839ea%3A2%3A%7Bi%3A0%3Bs%3A5%3A%22_csrf%22%3Bi%3A1%3Bs%3A32%3A%22jrTEde2qtAxu2VDiQ7mUnt1djajEsFzC%22%3B%7D'
    'PATH' => '/usr/local/sbin:/usr/local/bin:/usr/sbin:/usr/bin:/sbin:/bin'
    'SERVER_SIGNATURE' => '<address>Apache/2.4.38 (Ubuntu) Server at app.loc Port 80</address>
'
    'SERVER_SOFTWARE' => 'Apache/2.4.38 (Ubuntu)'
    'SERVER_NAME' => 'app.loc'
    'SERVER_ADDR' => '127.0.0.1'
    'SERVER_PORT' => '80'
    'REMOTE_ADDR' => '127.0.0.1'
    'DOCUMENT_ROOT' => '/var/www/html/app.loc/web'
    'REQUEST_SCHEME' => 'http'
    'CONTEXT_PREFIX' => ''
    'CONTEXT_DOCUMENT_ROOT' => '/var/www/html/app.loc/web'
    'SERVER_ADMIN' => '[no address given]'
    'SCRIPT_FILENAME' => '/var/www/html/app.loc/web/index.php'
    'REMOTE_PORT' => '54736'
    'GATEWAY_INTERFACE' => 'CGI/1.1'
    'SERVER_PROTOCOL' => 'HTTP/1.1'
    'REQUEST_METHOD' => 'GET'
    'QUERY_STRING' => ''
    'REQUEST_URI' => '/index.php'
    'SCRIPT_NAME' => '/index.php'
    'PHP_SELF' => '/index.php'
    'REQUEST_TIME_FLOAT' => 1552972420.401
    'REQUEST_TIME' => 1552972420
]
2019-03-19 14:13:46 [127.0.0.1][-][bqsud1etjdnj4722qm3tccuq61][error][yii\web\HttpException:400] yii\web\HttpException: Не могу получить контент с ресурса som2e.txt.
 Ошибка: file_get_contents(som2e.txt): failed to open stream: No such file or directory in /var/www/html/app.loc/models/Parser.php:67
Stack trace:
#0 /var/www/html/app.loc/models/Parser.php(32): app\models\Parser->getContent()
#1 /var/www/html/app.loc/views/site/index.php(13): app\models\Parser->parse(true)
#2 /var/www/html/app.loc/vendor/yiisoft/yii2/base/View.php(336): require('/var/www/html/a...')
#3 /var/www/html/app.loc/vendor/yiisoft/yii2/base/View.php(254): yii\base\View->renderPhpFile('/var/www/html/a...', Array)
#4 /var/www/html/app.loc/vendor/yiisoft/yii2/base/View.php(156): yii\base\View->renderFile('/var/www/html/a...', Array, Object(app\controllers\SiteController))
#5 /var/www/html/app.loc/vendor/yiisoft/yii2/base/Controller.php(384): yii\base\View->render('index', Array, Object(app\controllers\SiteController))
#6 /var/www/html/app.loc/controllers/SiteController.php(66): yii\base\Controller->render('index')
#7 [internal function]: app\controllers\SiteController->actionIndex()
#8 /var/www/html/app.loc/vendor/yiisoft/yii2/base/InlineAction.php(57): call_user_func_array(Array, Array)
#9 /var/www/html/app.loc/vendor/yiisoft/yii2/base/Controller.php(157): yii\base\InlineAction->runWithParams(Array)
#10 /var/www/html/app.loc/vendor/yiisoft/yii2/base/Module.php(528): yii\base\Controller->runAction('index', Array)
#11 /var/www/html/app.loc/vendor/yiisoft/yii2/web/Application.php(103): yii\base\Module->runAction('site/index', Array)
#12 /var/www/html/app.loc/vendor/yiisoft/yii2/base/Application.php(386): yii\web\Application->handleRequest(Object(yii\web\Request))
#13 /var/www/html/app.loc/web/index.php(12): yii\base\Application->run()
#14 {main}
2019-03-19 14:13:46 [127.0.0.1][-][bqsud1etjdnj4722qm3tccuq61][info][application] $_GET = []

$_POST = []

$_FILES = []

$_COOKIE = [
    'PHPSESSID' => 'bqsud1etjdnj4722qm3tccuq61'
    '_csrf' => '13dba1f68db5b6017c233152d01e7f7f1d8d1a37972ee286d9579fbe50a0839ea:2:{i:0;s:5:\"_csrf\";i:1;s:32:\"jrTEde2qtAxu2VDiQ7mUnt1djajEsFzC\";}'
]

$_SESSION = [
    '__flash' => []
    '__captcha/site/captcha' => 'ctyojul'
    '__captcha/site/captchacount' => 1
]

$_SERVER = [
    'HTTP_HOST' => 'app.loc'
    'HTTP_CONNECTION' => 'keep-alive'
    'HTTP_UPGRADE_INSECURE_REQUESTS' => '1'
    'HTTP_USER_AGENT' => 'Mozilla/5.0 (X11; Linux x86_64) AppleWebKit/537.36 (KHTML, like Gecko) Chrome/73.0.3683.75 Safari/537.36'
    'HTTP_ACCEPT' => 'text/html,application/xhtml+xml,application/xml;q=0.9,image/webp,image/apng,*/*;q=0.8,application/signed-exchange;v=b3'
    'HTTP_REFERER' => 'http://app.loc/index.php/site/contact'
    'HTTP_ACCEPT_ENCODING' => 'gzip, deflate'
    'HTTP_ACCEPT_LANGUAGE' => 'ru-RU,ru;q=0.9,en-US;q=0.8,en;q=0.7,cs;q=0.6'
    'HTTP_COOKIE' => 'PHPSESSID=bqsud1etjdnj4722qm3tccuq61; _csrf=13dba1f68db5b6017c233152d01e7f7f1d8d1a37972ee286d9579fbe50a0839ea%3A2%3A%7Bi%3A0%3Bs%3A5%3A%22_csrf%22%3Bi%3A1%3Bs%3A32%3A%22jrTEde2qtAxu2VDiQ7mUnt1djajEsFzC%22%3B%7D'
    'PATH' => '/usr/local/sbin:/usr/local/bin:/usr/sbin:/usr/bin:/sbin:/bin'
    'SERVER_SIGNATURE' => '<address>Apache/2.4.38 (Ubuntu) Server at app.loc Port 80</address>
'
    'SERVER_SOFTWARE' => 'Apache/2.4.38 (Ubuntu)'
    'SERVER_NAME' => 'app.loc'
    'SERVER_ADDR' => '127.0.0.1'
    'SERVER_PORT' => '80'
    'REMOTE_ADDR' => '127.0.0.1'
    'DOCUMENT_ROOT' => '/var/www/html/app.loc/web'
    'REQUEST_SCHEME' => 'http'
    'CONTEXT_PREFIX' => ''
    'CONTEXT_DOCUMENT_ROOT' => '/var/www/html/app.loc/web'
    'SERVER_ADMIN' => '[no address given]'
    'SCRIPT_FILENAME' => '/var/www/html/app.loc/web/index.php'
    'REMOTE_PORT' => '54738'
    'GATEWAY_INTERFACE' => 'CGI/1.1'
    'SERVER_PROTOCOL' => 'HTTP/1.1'
    'REQUEST_METHOD' => 'GET'
    'QUERY_STRING' => ''
    'REQUEST_URI' => '/index.php'
    'SCRIPT_NAME' => '/index.php'
    'PHP_SELF' => '/index.php'
    'REQUEST_TIME_FLOAT' => 1552972426.586
    'REQUEST_TIME' => 1552972426
]
2019-03-19 14:22:55 [127.0.0.1][-][bqsud1etjdnj4722qm3tccuq61][error][yii\base\ErrorException:2] yii\base\ErrorException: array_multisort(): Argument #4 is expected to be an array or sorting flag that has not already been specified in /var/www/html/app.loc/models/Parser.php:88
Stack trace:
#0 /var/www/html/app.loc/models/Parser.php(50): app\models\Parser->sortData()
#1 /var/www/html/app.loc/views/site/index.php(13): app\models\Parser->parse()
#2 /var/www/html/app.loc/vendor/yiisoft/yii2/base/View.php(336): yii\web\View->unknown()
#3 /var/www/html/app.loc/vendor/yiisoft/yii2/base/View.php(254): yii\web\View->renderPhpFile()
#4 /var/www/html/app.loc/vendor/yiisoft/yii2/base/View.php(156): yii\web\View->renderFile()
#5 /var/www/html/app.loc/vendor/yiisoft/yii2/base/Controller.php(384): yii\web\View->render()
#6 /var/www/html/app.loc/controllers/SiteController.php(66): app\controllers\SiteController->render()
#7 /var/www/html/app.loc/vendor/yiisoft/yii2/base/InlineAction.php(57): app\controllers\SiteController->actionIndex()
#8 /var/www/html/app.loc/vendor/yiisoft/yii2/base/InlineAction.php(57): ::call_user_func_array:{/var/www/html/app.loc/vendor/yiisoft/yii2/base/InlineAction.php:57}()
#9 /var/www/html/app.loc/vendor/yiisoft/yii2/base/Controller.php(157): yii\base\InlineAction->runWithParams()
#10 /var/www/html/app.loc/vendor/yiisoft/yii2/base/Module.php(528): app\controllers\SiteController->runAction()
#11 /var/www/html/app.loc/vendor/yiisoft/yii2/web/Application.php(103): yii\web\Application->runAction()
#12 /var/www/html/app.loc/vendor/yiisoft/yii2/base/Application.php(386): yii\web\Application->handleRequest()
#13 /var/www/html/app.loc/web/index.php(12): yii\web\Application->run()
#14 {main}
2019-03-19 14:22:55 [127.0.0.1][-][bqsud1etjdnj4722qm3tccuq61][info][application] $_GET = []

$_POST = []

$_FILES = []

$_COOKIE = [
    'PHPSESSID' => 'bqsud1etjdnj4722qm3tccuq61'
    '_csrf' => '13dba1f68db5b6017c233152d01e7f7f1d8d1a37972ee286d9579fbe50a0839ea:2:{i:0;s:5:\"_csrf\";i:1;s:32:\"jrTEde2qtAxu2VDiQ7mUnt1djajEsFzC\";}'
]

$_SESSION = [
    '__flash' => []
    '__captcha/site/captcha' => 'ctyojul'
    '__captcha/site/captchacount' => 1
]

$_SERVER = [
    'HTTP_HOST' => 'app.loc'
    'HTTP_CONNECTION' => 'keep-alive'
    'HTTP_CACHE_CONTROL' => 'max-age=0'
    'HTTP_UPGRADE_INSECURE_REQUESTS' => '1'
    'HTTP_USER_AGENT' => 'Mozilla/5.0 (X11; Linux x86_64) AppleWebKit/537.36 (KHTML, like Gecko) Chrome/73.0.3683.75 Safari/537.36'
    'HTTP_ACCEPT' => 'text/html,application/xhtml+xml,application/xml;q=0.9,image/webp,image/apng,*/*;q=0.8,application/signed-exchange;v=b3'
    'HTTP_REFERER' => 'http://app.loc/index.php/site/contact'
    'HTTP_ACCEPT_ENCODING' => 'gzip, deflate'
    'HTTP_ACCEPT_LANGUAGE' => 'ru-RU,ru;q=0.9,en-US;q=0.8,en;q=0.7,cs;q=0.6'
    'HTTP_COOKIE' => 'PHPSESSID=bqsud1etjdnj4722qm3tccuq61; _csrf=13dba1f68db5b6017c233152d01e7f7f1d8d1a37972ee286d9579fbe50a0839ea%3A2%3A%7Bi%3A0%3Bs%3A5%3A%22_csrf%22%3Bi%3A1%3Bs%3A32%3A%22jrTEde2qtAxu2VDiQ7mUnt1djajEsFzC%22%3B%7D'
    'PATH' => '/usr/local/sbin:/usr/local/bin:/usr/sbin:/usr/bin:/sbin:/bin'
    'SERVER_SIGNATURE' => '<address>Apache/2.4.38 (Ubuntu) Server at app.loc Port 80</address>
'
    'SERVER_SOFTWARE' => 'Apache/2.4.38 (Ubuntu)'
    'SERVER_NAME' => 'app.loc'
    'SERVER_ADDR' => '127.0.0.1'
    'SERVER_PORT' => '80'
    'REMOTE_ADDR' => '127.0.0.1'
    'DOCUMENT_ROOT' => '/var/www/html/app.loc/web'
    'REQUEST_SCHEME' => 'http'
    'CONTEXT_PREFIX' => ''
    'CONTEXT_DOCUMENT_ROOT' => '/var/www/html/app.loc/web'
    'SERVER_ADMIN' => '[no address given]'
    'SCRIPT_FILENAME' => '/var/www/html/app.loc/web/index.php'
    'REMOTE_PORT' => '55344'
    'GATEWAY_INTERFACE' => 'CGI/1.1'
    'SERVER_PROTOCOL' => 'HTTP/1.1'
    'REQUEST_METHOD' => 'GET'
    'QUERY_STRING' => ''
    'REQUEST_URI' => '/index.php'
    'SCRIPT_NAME' => '/index.php'
    'PHP_SELF' => '/index.php'
    'REQUEST_TIME_FLOAT' => 1552972975.763
    'REQUEST_TIME' => 1552972975
]
2019-03-19 20:56:09 [127.0.0.1][-][bqsud1etjdnj4722qm3tccuq61][error][yii\base\ErrorException:2] yii\base\ErrorException: array_multisort(): Argument #4 is expected to be an array or sorting flag that has not already been specified in /var/www/html/app.loc/models/Parser.php:94
Stack trace:
#0 /var/www/html/app.loc/models/Parser.php(50): app\models\Parser->sortData()
#1 /var/www/html/app.loc/views/site/index.php(13): app\models\Parser->parse()
#2 /var/www/html/app.loc/vendor/yiisoft/yii2/base/View.php(336): yii\web\View->unknown()
#3 /var/www/html/app.loc/vendor/yiisoft/yii2/base/View.php(254): yii\web\View->renderPhpFile()
#4 /var/www/html/app.loc/vendor/yiisoft/yii2/base/View.php(156): yii\web\View->renderFile()
#5 /var/www/html/app.loc/vendor/yiisoft/yii2/base/Controller.php(384): yii\web\View->render()
#6 /var/www/html/app.loc/controllers/SiteController.php(66): app\controllers\SiteController->render()
#7 /var/www/html/app.loc/vendor/yiisoft/yii2/base/InlineAction.php(57): app\controllers\SiteController->actionIndex()
#8 /var/www/html/app.loc/vendor/yiisoft/yii2/base/InlineAction.php(57): ::call_user_func_array:{/var/www/html/app.loc/vendor/yiisoft/yii2/base/InlineAction.php:57}()
#9 /var/www/html/app.loc/vendor/yiisoft/yii2/base/Controller.php(157): yii\base\InlineAction->runWithParams()
#10 /var/www/html/app.loc/vendor/yiisoft/yii2/base/Module.php(528): app\controllers\SiteController->runAction()
#11 /var/www/html/app.loc/vendor/yiisoft/yii2/web/Application.php(103): yii\web\Application->runAction()
#12 /var/www/html/app.loc/vendor/yiisoft/yii2/base/Application.php(386): yii\web\Application->handleRequest()
#13 /var/www/html/app.loc/web/index.php(12): yii\web\Application->run()
#14 {main}
2019-03-19 20:56:09 [127.0.0.1][-][bqsud1etjdnj4722qm3tccuq61][info][application] $_GET = []

$_POST = []

$_FILES = []

$_COOKIE = [
    'PHPSESSID' => 'bqsud1etjdnj4722qm3tccuq61'
    '_csrf' => '13dba1f68db5b6017c233152d01e7f7f1d8d1a37972ee286d9579fbe50a0839ea:2:{i:0;s:5:\"_csrf\";i:1;s:32:\"jrTEde2qtAxu2VDiQ7mUnt1djajEsFzC\";}'
]

$_SESSION = [
    '__flash' => []
]

$_SERVER = [
    'HTTP_HOST' => 'app.loc'
    'HTTP_CONNECTION' => 'keep-alive'
    'HTTP_UPGRADE_INSECURE_REQUESTS' => '1'
    'HTTP_USER_AGENT' => 'Mozilla/5.0 (X11; Linux x86_64) AppleWebKit/537.36 (KHTML, like Gecko) Chrome/73.0.3683.75 Safari/537.36'
    'HTTP_ACCEPT' => 'text/html,application/xhtml+xml,application/xml;q=0.9,image/webp,image/apng,*/*;q=0.8,application/signed-exchange;v=b3'
    'HTTP_ACCEPT_ENCODING' => 'gzip, deflate'
    'HTTP_ACCEPT_LANGUAGE' => 'ru-RU,ru;q=0.9,en-US;q=0.8,en;q=0.7,cs;q=0.6'
    'HTTP_COOKIE' => 'PHPSESSID=bqsud1etjdnj4722qm3tccuq61; _csrf=13dba1f68db5b6017c233152d01e7f7f1d8d1a37972ee286d9579fbe50a0839ea%3A2%3A%7Bi%3A0%3Bs%3A5%3A%22_csrf%22%3Bi%3A1%3Bs%3A32%3A%22jrTEde2qtAxu2VDiQ7mUnt1djajEsFzC%22%3B%7D'
    'PATH' => '/usr/local/sbin:/usr/local/bin:/usr/sbin:/usr/bin:/sbin:/bin'
    'SERVER_SIGNATURE' => '<address>Apache/2.4.38 (Ubuntu) Server at app.loc Port 80</address>
'
    'SERVER_SOFTWARE' => 'Apache/2.4.38 (Ubuntu)'
    'SERVER_NAME' => 'app.loc'
    'SERVER_ADDR' => '127.0.0.1'
    'SERVER_PORT' => '80'
    'REMOTE_ADDR' => '127.0.0.1'
    'DOCUMENT_ROOT' => '/var/www/html/app.loc/web'
    'REQUEST_SCHEME' => 'http'
    'CONTEXT_PREFIX' => ''
    'CONTEXT_DOCUMENT_ROOT' => '/var/www/html/app.loc/web'
    'SERVER_ADMIN' => '[no address given]'
    'SCRIPT_FILENAME' => '/var/www/html/app.loc/web/index.php'
    'REMOTE_PORT' => '52386'
    'GATEWAY_INTERFACE' => 'CGI/1.1'
    'SERVER_PROTOCOL' => 'HTTP/1.1'
    'REQUEST_METHOD' => 'GET'
    'QUERY_STRING' => ''
    'REQUEST_URI' => '/'
    'SCRIPT_NAME' => '/index.php'
    'PHP_SELF' => '/index.php'
    'REQUEST_TIME_FLOAT' => 1552996569.632
    'REQUEST_TIME' => 1552996569
]
2019-03-19 22:17:24 [127.0.0.1][-][bqsud1etjdnj4722qm3tccuq61][error][yii\base\ErrorException:8] yii\base\ErrorException: Undefined offset: 0 in /var/www/html/app.loc/models/Parser.php:93
Stack trace:
#0 /var/www/html/app.loc/views/site/index.php(13): app\models\Parser->parse()
#1 /var/www/html/app.loc/vendor/yiisoft/yii2/base/View.php(336): yii\web\View->unknown()
#2 /var/www/html/app.loc/vendor/yiisoft/yii2/base/View.php(254): yii\web\View->renderPhpFile()
#3 /var/www/html/app.loc/vendor/yiisoft/yii2/base/View.php(156): yii\web\View->renderFile()
#4 /var/www/html/app.loc/vendor/yiisoft/yii2/base/Controller.php(384): yii\web\View->render()
#5 /var/www/html/app.loc/controllers/SiteController.php(66): app\controllers\SiteController->render()
#6 /var/www/html/app.loc/vendor/yiisoft/yii2/base/InlineAction.php(57): app\controllers\SiteController->actionIndex()
#7 /var/www/html/app.loc/vendor/yiisoft/yii2/base/InlineAction.php(57): ::call_user_func_array:{/var/www/html/app.loc/vendor/yiisoft/yii2/base/InlineAction.php:57}()
#8 /var/www/html/app.loc/vendor/yiisoft/yii2/base/Controller.php(157): yii\base\InlineAction->runWithParams()
#9 /var/www/html/app.loc/vendor/yiisoft/yii2/base/Module.php(528): app\controllers\SiteController->runAction()
#10 /var/www/html/app.loc/vendor/yiisoft/yii2/web/Application.php(103): yii\web\Application->runAction()
#11 /var/www/html/app.loc/vendor/yiisoft/yii2/base/Application.php(386): yii\web\Application->handleRequest()
#12 /var/www/html/app.loc/web/index.php(12): yii\web\Application->run()
#13 {main}
2019-03-19 22:17:24 [127.0.0.1][-][bqsud1etjdnj4722qm3tccuq61][info][application] $_GET = []

$_POST = []

$_FILES = []

$_COOKIE = [
    'PHPSESSID' => 'bqsud1etjdnj4722qm3tccuq61'
    '_csrf' => '13dba1f68db5b6017c233152d01e7f7f1d8d1a37972ee286d9579fbe50a0839ea:2:{i:0;s:5:\"_csrf\";i:1;s:32:\"jrTEde2qtAxu2VDiQ7mUnt1djajEsFzC\";}'
]

$_SESSION = [
    '__flash' => []
]

$_SERVER = [
    'HTTP_HOST' => 'app.loc'
    'HTTP_CONNECTION' => 'keep-alive'
    'HTTP_CACHE_CONTROL' => 'max-age=0'
    'HTTP_UPGRADE_INSECURE_REQUESTS' => '1'
    'HTTP_USER_AGENT' => 'Mozilla/5.0 (X11; Linux x86_64) AppleWebKit/537.36 (KHTML, like Gecko) Chrome/73.0.3683.75 Safari/537.36'
    'HTTP_ACCEPT' => 'text/html,application/xhtml+xml,application/xml;q=0.9,image/webp,image/apng,*/*;q=0.8,application/signed-exchange;v=b3'
    'HTTP_ACCEPT_ENCODING' => 'gzip, deflate'
    'HTTP_ACCEPT_LANGUAGE' => 'ru-RU,ru;q=0.9,en-US;q=0.8,en;q=0.7,cs;q=0.6'
    'HTTP_COOKIE' => 'PHPSESSID=bqsud1etjdnj4722qm3tccuq61; _csrf=13dba1f68db5b6017c233152d01e7f7f1d8d1a37972ee286d9579fbe50a0839ea%3A2%3A%7Bi%3A0%3Bs%3A5%3A%22_csrf%22%3Bi%3A1%3Bs%3A32%3A%22jrTEde2qtAxu2VDiQ7mUnt1djajEsFzC%22%3B%7D'
    'PATH' => '/usr/local/sbin:/usr/local/bin:/usr/sbin:/usr/bin:/sbin:/bin'
    'SERVER_SIGNATURE' => '<address>Apache/2.4.38 (Ubuntu) Server at app.loc Port 80</address>
'
    'SERVER_SOFTWARE' => 'Apache/2.4.38 (Ubuntu)'
    'SERVER_NAME' => 'app.loc'
    'SERVER_ADDR' => '127.0.0.1'
    'SERVER_PORT' => '80'
    'REMOTE_ADDR' => '127.0.0.1'
    'DOCUMENT_ROOT' => '/var/www/html/app.loc/web'
    'REQUEST_SCHEME' => 'http'
    'CONTEXT_PREFIX' => ''
    'CONTEXT_DOCUMENT_ROOT' => '/var/www/html/app.loc/web'
    'SERVER_ADMIN' => '[no address given]'
    'SCRIPT_FILENAME' => '/var/www/html/app.loc/web/index.php'
    'REMOTE_PORT' => '55312'
    'GATEWAY_INTERFACE' => 'CGI/1.1'
    'SERVER_PROTOCOL' => 'HTTP/1.1'
    'REQUEST_METHOD' => 'GET'
    'QUERY_STRING' => ''
    'REQUEST_URI' => '/'
    'SCRIPT_NAME' => '/index.php'
    'PHP_SELF' => '/index.php'
    'REQUEST_TIME_FLOAT' => 1553001444.38
    'REQUEST_TIME' => 1553001444
]
2019-03-19 22:17:39 [127.0.0.1][-][bqsud1etjdnj4722qm3tccuq61][error][yii\base\ErrorException:8] yii\base\ErrorException: Undefined offset: 0 in /var/www/html/app.loc/models/Parser.php:93
Stack trace:
#0 /var/www/html/app.loc/views/site/index.php(13): app\models\Parser->parse()
#1 /var/www/html/app.loc/vendor/yiisoft/yii2/base/View.php(336): yii\web\View->unknown()
#2 /var/www/html/app.loc/vendor/yiisoft/yii2/base/View.php(254): yii\web\View->renderPhpFile()
#3 /var/www/html/app.loc/vendor/yiisoft/yii2/base/View.php(156): yii\web\View->renderFile()
#4 /var/www/html/app.loc/vendor/yiisoft/yii2/base/Controller.php(384): yii\web\View->render()
#5 /var/www/html/app.loc/controllers/SiteController.php(66): app\controllers\SiteController->render()
#6 /var/www/html/app.loc/vendor/yiisoft/yii2/base/InlineAction.php(57): app\controllers\SiteController->actionIndex()
#7 /var/www/html/app.loc/vendor/yiisoft/yii2/base/InlineAction.php(57): ::call_user_func_array:{/var/www/html/app.loc/vendor/yiisoft/yii2/base/InlineAction.php:57}()
#8 /var/www/html/app.loc/vendor/yiisoft/yii2/base/Controller.php(157): yii\base\InlineAction->runWithParams()
#9 /var/www/html/app.loc/vendor/yiisoft/yii2/base/Module.php(528): app\controllers\SiteController->runAction()
#10 /var/www/html/app.loc/vendor/yiisoft/yii2/web/Application.php(103): yii\web\Application->runAction()
#11 /var/www/html/app.loc/vendor/yiisoft/yii2/base/Application.php(386): yii\web\Application->handleRequest()
#12 /var/www/html/app.loc/web/index.php(12): yii\web\Application->run()
#13 {main}
2019-03-19 22:17:39 [127.0.0.1][-][bqsud1etjdnj4722qm3tccuq61][info][application] $_GET = []

$_POST = []

$_FILES = []

$_COOKIE = [
    'PHPSESSID' => 'bqsud1etjdnj4722qm3tccuq61'
    '_csrf' => '13dba1f68db5b6017c233152d01e7f7f1d8d1a37972ee286d9579fbe50a0839ea:2:{i:0;s:5:\"_csrf\";i:1;s:32:\"jrTEde2qtAxu2VDiQ7mUnt1djajEsFzC\";}'
]

$_SESSION = [
    '__flash' => []
]

$_SERVER = [
    'HTTP_HOST' => 'app.loc'
    'HTTP_CONNECTION' => 'keep-alive'
    'HTTP_CACHE_CONTROL' => 'max-age=0'
    'HTTP_UPGRADE_INSECURE_REQUESTS' => '1'
    'HTTP_USER_AGENT' => 'Mozilla/5.0 (X11; Linux x86_64) AppleWebKit/537.36 (KHTML, like Gecko) Chrome/73.0.3683.75 Safari/537.36'
    'HTTP_ACCEPT' => 'text/html,application/xhtml+xml,application/xml;q=0.9,image/webp,image/apng,*/*;q=0.8,application/signed-exchange;v=b3'
    'HTTP_ACCEPT_ENCODING' => 'gzip, deflate'
    'HTTP_ACCEPT_LANGUAGE' => 'ru-RU,ru;q=0.9,en-US;q=0.8,en;q=0.7,cs;q=0.6'
    'HTTP_COOKIE' => 'PHPSESSID=bqsud1etjdnj4722qm3tccuq61; _csrf=13dba1f68db5b6017c233152d01e7f7f1d8d1a37972ee286d9579fbe50a0839ea%3A2%3A%7Bi%3A0%3Bs%3A5%3A%22_csrf%22%3Bi%3A1%3Bs%3A32%3A%22jrTEde2qtAxu2VDiQ7mUnt1djajEsFzC%22%3B%7D'
    'PATH' => '/usr/local/sbin:/usr/local/bin:/usr/sbin:/usr/bin:/sbin:/bin'
    'SERVER_SIGNATURE' => '<address>Apache/2.4.38 (Ubuntu) Server at app.loc Port 80</address>
'
    'SERVER_SOFTWARE' => 'Apache/2.4.38 (Ubuntu)'
    'SERVER_NAME' => 'app.loc'
    'SERVER_ADDR' => '127.0.0.1'
    'SERVER_PORT' => '80'
    'REMOTE_ADDR' => '127.0.0.1'
    'DOCUMENT_ROOT' => '/var/www/html/app.loc/web'
    'REQUEST_SCHEME' => 'http'
    'CONTEXT_PREFIX' => ''
    'CONTEXT_DOCUMENT_ROOT' => '/var/www/html/app.loc/web'
    'SERVER_ADMIN' => '[no address given]'
    'SCRIPT_FILENAME' => '/var/www/html/app.loc/web/index.php'
    'REMOTE_PORT' => '55368'
    'GATEWAY_INTERFACE' => 'CGI/1.1'
    'SERVER_PROTOCOL' => 'HTTP/1.1'
    'REQUEST_METHOD' => 'GET'
    'QUERY_STRING' => ''
    'REQUEST_URI' => '/'
    'SCRIPT_NAME' => '/index.php'
    'PHP_SELF' => '/index.php'
    'REQUEST_TIME_FLOAT' => 1553001459.073
    'REQUEST_TIME' => 1553001459
]
2019-03-19 22:17:57 [127.0.0.1][-][bqsud1etjdnj4722qm3tccuq61][error][yii\base\ErrorException:8] yii\base\ErrorException: Undefined offset: 0 in /var/www/html/app.loc/models/Parser.php:93
Stack trace:
#0 /var/www/html/app.loc/views/site/index.php(13): app\models\Parser->parse()
#1 /var/www/html/app.loc/vendor/yiisoft/yii2/base/View.php(336): yii\web\View->unknown()
#2 /var/www/html/app.loc/vendor/yiisoft/yii2/base/View.php(254): yii\web\View->renderPhpFile()
#3 /var/www/html/app.loc/vendor/yiisoft/yii2/base/View.php(156): yii\web\View->renderFile()
#4 /var/www/html/app.loc/vendor/yiisoft/yii2/base/Controller.php(384): yii\web\View->render()
#5 /var/www/html/app.loc/controllers/SiteController.php(66): app\controllers\SiteController->render()
#6 /var/www/html/app.loc/vendor/yiisoft/yii2/base/InlineAction.php(57): app\controllers\SiteController->actionIndex()
#7 /var/www/html/app.loc/vendor/yiisoft/yii2/base/InlineAction.php(57): ::call_user_func_array:{/var/www/html/app.loc/vendor/yiisoft/yii2/base/InlineAction.php:57}()
#8 /var/www/html/app.loc/vendor/yiisoft/yii2/base/Controller.php(157): yii\base\InlineAction->runWithParams()
#9 /var/www/html/app.loc/vendor/yiisoft/yii2/base/Module.php(528): app\controllers\SiteController->runAction()
#10 /var/www/html/app.loc/vendor/yiisoft/yii2/web/Application.php(103): yii\web\Application->runAction()
#11 /var/www/html/app.loc/vendor/yiisoft/yii2/base/Application.php(386): yii\web\Application->handleRequest()
#12 /var/www/html/app.loc/web/index.php(12): yii\web\Application->run()
#13 {main}
2019-03-19 22:17:57 [127.0.0.1][-][bqsud1etjdnj4722qm3tccuq61][info][application] $_GET = []

$_POST = []

$_FILES = []

$_COOKIE = [
    'PHPSESSID' => 'bqsud1etjdnj4722qm3tccuq61'
    '_csrf' => '13dba1f68db5b6017c233152d01e7f7f1d8d1a37972ee286d9579fbe50a0839ea:2:{i:0;s:5:\"_csrf\";i:1;s:32:\"jrTEde2qtAxu2VDiQ7mUnt1djajEsFzC\";}'
]

$_SESSION = [
    '__flash' => []
]

$_SERVER = [
    'HTTP_HOST' => 'app.loc'
    'HTTP_CONNECTION' => 'keep-alive'
    'HTTP_CACHE_CONTROL' => 'max-age=0'
    'HTTP_UPGRADE_INSECURE_REQUESTS' => '1'
    'HTTP_USER_AGENT' => 'Mozilla/5.0 (X11; Linux x86_64) AppleWebKit/537.36 (KHTML, like Gecko) Chrome/73.0.3683.75 Safari/537.36'
    'HTTP_ACCEPT' => 'text/html,application/xhtml+xml,application/xml;q=0.9,image/webp,image/apng,*/*;q=0.8,application/signed-exchange;v=b3'
    'HTTP_ACCEPT_ENCODING' => 'gzip, deflate'
    'HTTP_ACCEPT_LANGUAGE' => 'ru-RU,ru;q=0.9,en-US;q=0.8,en;q=0.7,cs;q=0.6'
    'HTTP_COOKIE' => 'PHPSESSID=bqsud1etjdnj4722qm3tccuq61; _csrf=13dba1f68db5b6017c233152d01e7f7f1d8d1a37972ee286d9579fbe50a0839ea%3A2%3A%7Bi%3A0%3Bs%3A5%3A%22_csrf%22%3Bi%3A1%3Bs%3A32%3A%22jrTEde2qtAxu2VDiQ7mUnt1djajEsFzC%22%3B%7D'
    'PATH' => '/usr/local/sbin:/usr/local/bin:/usr/sbin:/usr/bin:/sbin:/bin'
    'SERVER_SIGNATURE' => '<address>Apache/2.4.38 (Ubuntu) Server at app.loc Port 80</address>
'
    'SERVER_SOFTWARE' => 'Apache/2.4.38 (Ubuntu)'
    'SERVER_NAME' => 'app.loc'
    'SERVER_ADDR' => '127.0.0.1'
    'SERVER_PORT' => '80'
    'REMOTE_ADDR' => '127.0.0.1'
    'DOCUMENT_ROOT' => '/var/www/html/app.loc/web'
    'REQUEST_SCHEME' => 'http'
    'CONTEXT_PREFIX' => ''
    'CONTEXT_DOCUMENT_ROOT' => '/var/www/html/app.loc/web'
    'SERVER_ADMIN' => '[no address given]'
    'SCRIPT_FILENAME' => '/var/www/html/app.loc/web/index.php'
    'REMOTE_PORT' => '55378'
    'GATEWAY_INTERFACE' => 'CGI/1.1'
    'SERVER_PROTOCOL' => 'HTTP/1.1'
    'REQUEST_METHOD' => 'GET'
    'QUERY_STRING' => ''
    'REQUEST_URI' => '/'
    'SCRIPT_NAME' => '/index.php'
    'PHP_SELF' => '/index.php'
    'REQUEST_TIME_FLOAT' => 1553001477.168
    'REQUEST_TIME' => 1553001477
]
2019-03-19 22:18:27 [127.0.0.1][-][bqsud1etjdnj4722qm3tccuq61][error][yii\base\ErrorException:8] yii\base\ErrorException: Undefined offset: 1 in /var/www/html/app.loc/models/Parser.php:93
Stack trace:
#0 /var/www/html/app.loc/views/site/index.php(13): app\models\Parser->parse()
#1 /var/www/html/app.loc/vendor/yiisoft/yii2/base/View.php(336): yii\web\View->unknown()
#2 /var/www/html/app.loc/vendor/yiisoft/yii2/base/View.php(254): yii\web\View->renderPhpFile()
#3 /var/www/html/app.loc/vendor/yiisoft/yii2/base/View.php(156): yii\web\View->renderFile()
#4 /var/www/html/app.loc/vendor/yiisoft/yii2/base/Controller.php(384): yii\web\View->render()
#5 /var/www/html/app.loc/controllers/SiteController.php(66): app\controllers\SiteController->render()
#6 /var/www/html/app.loc/vendor/yiisoft/yii2/base/InlineAction.php(57): app\controllers\SiteController->actionIndex()
#7 /var/www/html/app.loc/vendor/yiisoft/yii2/base/InlineAction.php(57): ::call_user_func_array:{/var/www/html/app.loc/vendor/yiisoft/yii2/base/InlineAction.php:57}()
#8 /var/www/html/app.loc/vendor/yiisoft/yii2/base/Controller.php(157): yii\base\InlineAction->runWithParams()
#9 /var/www/html/app.loc/vendor/yiisoft/yii2/base/Module.php(528): app\controllers\SiteController->runAction()
#10 /var/www/html/app.loc/vendor/yiisoft/yii2/web/Application.php(103): yii\web\Application->runAction()
#11 /var/www/html/app.loc/vendor/yiisoft/yii2/base/Application.php(386): yii\web\Application->handleRequest()
#12 /var/www/html/app.loc/web/index.php(12): yii\web\Application->run()
#13 {main}
2019-03-19 22:18:27 [127.0.0.1][-][bqsud1etjdnj4722qm3tccuq61][info][application] $_GET = []

$_POST = []

$_FILES = []

$_COOKIE = [
    'PHPSESSID' => 'bqsud1etjdnj4722qm3tccuq61'
    '_csrf' => '13dba1f68db5b6017c233152d01e7f7f1d8d1a37972ee286d9579fbe50a0839ea:2:{i:0;s:5:\"_csrf\";i:1;s:32:\"jrTEde2qtAxu2VDiQ7mUnt1djajEsFzC\";}'
]

$_SESSION = [
    '__flash' => []
]

$_SERVER = [
    'HTTP_HOST' => 'app.loc'
    'HTTP_CONNECTION' => 'keep-alive'
    'HTTP_CACHE_CONTROL' => 'max-age=0'
    'HTTP_UPGRADE_INSECURE_REQUESTS' => '1'
    'HTTP_USER_AGENT' => 'Mozilla/5.0 (X11; Linux x86_64) AppleWebKit/537.36 (KHTML, like Gecko) Chrome/73.0.3683.75 Safari/537.36'
    'HTTP_ACCEPT' => 'text/html,application/xhtml+xml,application/xml;q=0.9,image/webp,image/apng,*/*;q=0.8,application/signed-exchange;v=b3'
    'HTTP_ACCEPT_ENCODING' => 'gzip, deflate'
    'HTTP_ACCEPT_LANGUAGE' => 'ru-RU,ru;q=0.9,en-US;q=0.8,en;q=0.7,cs;q=0.6'
    'HTTP_COOKIE' => 'PHPSESSID=bqsud1etjdnj4722qm3tccuq61; _csrf=13dba1f68db5b6017c233152d01e7f7f1d8d1a37972ee286d9579fbe50a0839ea%3A2%3A%7Bi%3A0%3Bs%3A5%3A%22_csrf%22%3Bi%3A1%3Bs%3A32%3A%22jrTEde2qtAxu2VDiQ7mUnt1djajEsFzC%22%3B%7D'
    'PATH' => '/usr/local/sbin:/usr/local/bin:/usr/sbin:/usr/bin:/sbin:/bin'
    'SERVER_SIGNATURE' => '<address>Apache/2.4.38 (Ubuntu) Server at app.loc Port 80</address>
'
    'SERVER_SOFTWARE' => 'Apache/2.4.38 (Ubuntu)'
    'SERVER_NAME' => 'app.loc'
    'SERVER_ADDR' => '127.0.0.1'
    'SERVER_PORT' => '80'
    'REMOTE_ADDR' => '127.0.0.1'
    'DOCUMENT_ROOT' => '/var/www/html/app.loc/web'
    'REQUEST_SCHEME' => 'http'
    'CONTEXT_PREFIX' => ''
    'CONTEXT_DOCUMENT_ROOT' => '/var/www/html/app.loc/web'
    'SERVER_ADMIN' => '[no address given]'
    'SCRIPT_FILENAME' => '/var/www/html/app.loc/web/index.php'
    'REMOTE_PORT' => '55386'
    'GATEWAY_INTERFACE' => 'CGI/1.1'
    'SERVER_PROTOCOL' => 'HTTP/1.1'
    'REQUEST_METHOD' => 'GET'
    'QUERY_STRING' => ''
    'REQUEST_URI' => '/'
    'SCRIPT_NAME' => '/index.php'
    'PHP_SELF' => '/index.php'
    'REQUEST_TIME_FLOAT' => 1553001507.504
    'REQUEST_TIME' => 1553001507
]
2019-03-19 22:18:36 [127.0.0.1][-][bqsud1etjdnj4722qm3tccuq61][error][yii\base\ErrorException:8] yii\base\ErrorException: Undefined offset: 0 in /var/www/html/app.loc/models/Parser.php:93
Stack trace:
#0 /var/www/html/app.loc/views/site/index.php(13): app\models\Parser->parse()
#1 /var/www/html/app.loc/vendor/yiisoft/yii2/base/View.php(336): yii\web\View->unknown()
#2 /var/www/html/app.loc/vendor/yiisoft/yii2/base/View.php(254): yii\web\View->renderPhpFile()
#3 /var/www/html/app.loc/vendor/yiisoft/yii2/base/View.php(156): yii\web\View->renderFile()
#4 /var/www/html/app.loc/vendor/yiisoft/yii2/base/Controller.php(384): yii\web\View->render()
#5 /var/www/html/app.loc/controllers/SiteController.php(66): app\controllers\SiteController->render()
#6 /var/www/html/app.loc/vendor/yiisoft/yii2/base/InlineAction.php(57): app\controllers\SiteController->actionIndex()
#7 /var/www/html/app.loc/vendor/yiisoft/yii2/base/InlineAction.php(57): ::call_user_func_array:{/var/www/html/app.loc/vendor/yiisoft/yii2/base/InlineAction.php:57}()
#8 /var/www/html/app.loc/vendor/yiisoft/yii2/base/Controller.php(157): yii\base\InlineAction->runWithParams()
#9 /var/www/html/app.loc/vendor/yiisoft/yii2/base/Module.php(528): app\controllers\SiteController->runAction()
#10 /var/www/html/app.loc/vendor/yiisoft/yii2/web/Application.php(103): yii\web\Application->runAction()
#11 /var/www/html/app.loc/vendor/yiisoft/yii2/base/Application.php(386): yii\web\Application->handleRequest()
#12 /var/www/html/app.loc/web/index.php(12): yii\web\Application->run()
#13 {main}
2019-03-19 22:18:36 [127.0.0.1][-][bqsud1etjdnj4722qm3tccuq61][info][application] $_GET = []

$_POST = []

$_FILES = []

$_COOKIE = [
    'PHPSESSID' => 'bqsud1etjdnj4722qm3tccuq61'
    '_csrf' => '13dba1f68db5b6017c233152d01e7f7f1d8d1a37972ee286d9579fbe50a0839ea:2:{i:0;s:5:\"_csrf\";i:1;s:32:\"jrTEde2qtAxu2VDiQ7mUnt1djajEsFzC\";}'
]

$_SESSION = [
    '__flash' => []
]

$_SERVER = [
    'HTTP_HOST' => 'app.loc'
    'HTTP_CONNECTION' => 'keep-alive'
    'HTTP_CACHE_CONTROL' => 'max-age=0'
    'HTTP_UPGRADE_INSECURE_REQUESTS' => '1'
    'HTTP_USER_AGENT' => 'Mozilla/5.0 (X11; Linux x86_64) AppleWebKit/537.36 (KHTML, like Gecko) Chrome/73.0.3683.75 Safari/537.36'
    'HTTP_ACCEPT' => 'text/html,application/xhtml+xml,application/xml;q=0.9,image/webp,image/apng,*/*;q=0.8,application/signed-exchange;v=b3'
    'HTTP_ACCEPT_ENCODING' => 'gzip, deflate'
    'HTTP_ACCEPT_LANGUAGE' => 'ru-RU,ru;q=0.9,en-US;q=0.8,en;q=0.7,cs;q=0.6'
    'HTTP_COOKIE' => 'PHPSESSID=bqsud1etjdnj4722qm3tccuq61; _csrf=13dba1f68db5b6017c233152d01e7f7f1d8d1a37972ee286d9579fbe50a0839ea%3A2%3A%7Bi%3A0%3Bs%3A5%3A%22_csrf%22%3Bi%3A1%3Bs%3A32%3A%22jrTEde2qtAxu2VDiQ7mUnt1djajEsFzC%22%3B%7D'
    'PATH' => '/usr/local/sbin:/usr/local/bin:/usr/sbin:/usr/bin:/sbin:/bin'
    'SERVER_SIGNATURE' => '<address>Apache/2.4.38 (Ubuntu) Server at app.loc Port 80</address>
'
    'SERVER_SOFTWARE' => 'Apache/2.4.38 (Ubuntu)'
    'SERVER_NAME' => 'app.loc'
    'SERVER_ADDR' => '127.0.0.1'
    'SERVER_PORT' => '80'
    'REMOTE_ADDR' => '127.0.0.1'
    'DOCUMENT_ROOT' => '/var/www/html/app.loc/web'
    'REQUEST_SCHEME' => 'http'
    'CONTEXT_PREFIX' => ''
    'CONTEXT_DOCUMENT_ROOT' => '/var/www/html/app.loc/web'
    'SERVER_ADMIN' => '[no address given]'
    'SCRIPT_FILENAME' => '/var/www/html/app.loc/web/index.php'
    'REMOTE_PORT' => '55394'
    'GATEWAY_INTERFACE' => 'CGI/1.1'
    'SERVER_PROTOCOL' => 'HTTP/1.1'
    'REQUEST_METHOD' => 'GET'
    'QUERY_STRING' => ''
    'REQUEST_URI' => '/'
    'SCRIPT_NAME' => '/index.php'
    'PHP_SELF' => '/index.php'
    'REQUEST_TIME_FLOAT' => 1553001516.514
    'REQUEST_TIME' => 1553001516
]
2019-03-19 22:23:45 [127.0.0.1][-][bqsud1etjdnj4722qm3tccuq61][error][yii\base\ErrorException:8] yii\base\ErrorException: Undefined offset: 0 in /var/www/html/app.loc/models/Parser.php:83
Stack trace:
#0 /var/www/html/app.loc/views/site/index.php(13): app\models\Parser->parse()
#1 /var/www/html/app.loc/vendor/yiisoft/yii2/base/View.php(336): yii\web\View->unknown()
#2 /var/www/html/app.loc/vendor/yiisoft/yii2/base/View.php(254): yii\web\View->renderPhpFile()
#3 /var/www/html/app.loc/vendor/yiisoft/yii2/base/View.php(156): yii\web\View->renderFile()
#4 /var/www/html/app.loc/vendor/yiisoft/yii2/base/Controller.php(384): yii\web\View->render()
#5 /var/www/html/app.loc/controllers/SiteController.php(66): app\controllers\SiteController->render()
#6 /var/www/html/app.loc/vendor/yiisoft/yii2/base/InlineAction.php(57): app\controllers\SiteController->actionIndex()
#7 /var/www/html/app.loc/vendor/yiisoft/yii2/base/InlineAction.php(57): ::call_user_func_array:{/var/www/html/app.loc/vendor/yiisoft/yii2/base/InlineAction.php:57}()
#8 /var/www/html/app.loc/vendor/yiisoft/yii2/base/Controller.php(157): yii\base\InlineAction->runWithParams()
#9 /var/www/html/app.loc/vendor/yiisoft/yii2/base/Module.php(528): app\controllers\SiteController->runAction()
#10 /var/www/html/app.loc/vendor/yiisoft/yii2/web/Application.php(103): yii\web\Application->runAction()
#11 /var/www/html/app.loc/vendor/yiisoft/yii2/base/Application.php(386): yii\web\Application->handleRequest()
#12 /var/www/html/app.loc/web/index.php(12): yii\web\Application->run()
#13 {main}
2019-03-19 22:23:45 [127.0.0.1][-][bqsud1etjdnj4722qm3tccuq61][info][application] $_GET = []

$_POST = []

$_FILES = []

$_COOKIE = [
    'PHPSESSID' => 'bqsud1etjdnj4722qm3tccuq61'
    '_csrf' => '13dba1f68db5b6017c233152d01e7f7f1d8d1a37972ee286d9579fbe50a0839ea:2:{i:0;s:5:\"_csrf\";i:1;s:32:\"jrTEde2qtAxu2VDiQ7mUnt1djajEsFzC\";}'
]

$_SESSION = [
    '__flash' => []
]

$_SERVER = [
    'HTTP_HOST' => 'app.loc'
    'HTTP_CONNECTION' => 'keep-alive'
    'HTTP_CACHE_CONTROL' => 'max-age=0'
    'HTTP_UPGRADE_INSECURE_REQUESTS' => '1'
    'HTTP_USER_AGENT' => 'Mozilla/5.0 (X11; Linux x86_64) AppleWebKit/537.36 (KHTML, like Gecko) Chrome/73.0.3683.75 Safari/537.36'
    'HTTP_ACCEPT' => 'text/html,application/xhtml+xml,application/xml;q=0.9,image/webp,image/apng,*/*;q=0.8,application/signed-exchange;v=b3'
    'HTTP_ACCEPT_ENCODING' => 'gzip, deflate'
    'HTTP_ACCEPT_LANGUAGE' => 'ru-RU,ru;q=0.9,en-US;q=0.8,en;q=0.7,cs;q=0.6'
    'HTTP_COOKIE' => 'PHPSESSID=bqsud1etjdnj4722qm3tccuq61; _csrf=13dba1f68db5b6017c233152d01e7f7f1d8d1a37972ee286d9579fbe50a0839ea%3A2%3A%7Bi%3A0%3Bs%3A5%3A%22_csrf%22%3Bi%3A1%3Bs%3A32%3A%22jrTEde2qtAxu2VDiQ7mUnt1djajEsFzC%22%3B%7D'
    'PATH' => '/usr/local/sbin:/usr/local/bin:/usr/sbin:/usr/bin:/sbin:/bin'
    'SERVER_SIGNATURE' => '<address>Apache/2.4.38 (Ubuntu) Server at app.loc Port 80</address>
'
    'SERVER_SOFTWARE' => 'Apache/2.4.38 (Ubuntu)'
    'SERVER_NAME' => 'app.loc'
    'SERVER_ADDR' => '127.0.0.1'
    'SERVER_PORT' => '80'
    'REMOTE_ADDR' => '127.0.0.1'
    'DOCUMENT_ROOT' => '/var/www/html/app.loc/web'
    'REQUEST_SCHEME' => 'http'
    'CONTEXT_PREFIX' => ''
    'CONTEXT_DOCUMENT_ROOT' => '/var/www/html/app.loc/web'
    'SERVER_ADMIN' => '[no address given]'
    'SCRIPT_FILENAME' => '/var/www/html/app.loc/web/index.php'
    'REMOTE_PORT' => '55644'
    'GATEWAY_INTERFACE' => 'CGI/1.1'
    'SERVER_PROTOCOL' => 'HTTP/1.1'
    'REQUEST_METHOD' => 'GET'
    'QUERY_STRING' => ''
    'REQUEST_URI' => '/'
    'SCRIPT_NAME' => '/index.php'
    'PHP_SELF' => '/index.php'
    'REQUEST_TIME_FLOAT' => 1553001825.047
    'REQUEST_TIME' => 1553001825
]
2019-03-19 22:40:23 [127.0.0.1][-][bqsud1etjdnj4722qm3tccuq61][error][yii\base\ErrorException:2] yii\base\ErrorException: array_multisort(): Array sizes are inconsistent in /var/www/html/app.loc/models/Parser.php:79
Stack trace:
#0 /var/www/html/app.loc/models/Parser.php(50): app\models\Parser->sortData()
#1 /var/www/html/app.loc/views/site/index.php(13): app\models\Parser->parse()
#2 /var/www/html/app.loc/vendor/yiisoft/yii2/base/View.php(336): yii\web\View->unknown()
#3 /var/www/html/app.loc/vendor/yiisoft/yii2/base/View.php(254): yii\web\View->renderPhpFile()
#4 /var/www/html/app.loc/vendor/yiisoft/yii2/base/View.php(156): yii\web\View->renderFile()
#5 /var/www/html/app.loc/vendor/yiisoft/yii2/base/Controller.php(384): yii\web\View->render()
#6 /var/www/html/app.loc/controllers/SiteController.php(66): app\controllers\SiteController->render()
#7 /var/www/html/app.loc/vendor/yiisoft/yii2/base/InlineAction.php(57): app\controllers\SiteController->actionIndex()
#8 /var/www/html/app.loc/vendor/yiisoft/yii2/base/InlineAction.php(57): ::call_user_func_array:{/var/www/html/app.loc/vendor/yiisoft/yii2/base/InlineAction.php:57}()
#9 /var/www/html/app.loc/vendor/yiisoft/yii2/base/Controller.php(157): yii\base\InlineAction->runWithParams()
#10 /var/www/html/app.loc/vendor/yiisoft/yii2/base/Module.php(528): app\controllers\SiteController->runAction()
#11 /var/www/html/app.loc/vendor/yiisoft/yii2/web/Application.php(103): yii\web\Application->runAction()
#12 /var/www/html/app.loc/vendor/yiisoft/yii2/base/Application.php(386): yii\web\Application->handleRequest()
#13 /var/www/html/app.loc/web/index.php(12): yii\web\Application->run()
#14 {main}
2019-03-19 22:40:23 [127.0.0.1][-][bqsud1etjdnj4722qm3tccuq61][info][application] $_GET = []

$_POST = []

$_FILES = []

$_COOKIE = [
    'PHPSESSID' => 'bqsud1etjdnj4722qm3tccuq61'
    '_csrf' => '13dba1f68db5b6017c233152d01e7f7f1d8d1a37972ee286d9579fbe50a0839ea:2:{i:0;s:5:\"_csrf\";i:1;s:32:\"jrTEde2qtAxu2VDiQ7mUnt1djajEsFzC\";}'
]

$_SESSION = [
    '__flash' => []
]

$_SERVER = [
    'HTTP_HOST' => 'app.loc'
    'HTTP_CONNECTION' => 'keep-alive'
    'HTTP_CACHE_CONTROL' => 'max-age=0'
    'HTTP_UPGRADE_INSECURE_REQUESTS' => '1'
    'HTTP_USER_AGENT' => 'Mozilla/5.0 (X11; Linux x86_64) AppleWebKit/537.36 (KHTML, like Gecko) Chrome/73.0.3683.75 Safari/537.36'
    'HTTP_ACCEPT' => 'text/html,application/xhtml+xml,application/xml;q=0.9,image/webp,image/apng,*/*;q=0.8,application/signed-exchange;v=b3'
    'HTTP_ACCEPT_ENCODING' => 'gzip, deflate'
    'HTTP_ACCEPT_LANGUAGE' => 'ru-RU,ru;q=0.9,en-US;q=0.8,en;q=0.7,cs;q=0.6'
    'HTTP_COOKIE' => 'PHPSESSID=bqsud1etjdnj4722qm3tccuq61; _csrf=13dba1f68db5b6017c233152d01e7f7f1d8d1a37972ee286d9579fbe50a0839ea%3A2%3A%7Bi%3A0%3Bs%3A5%3A%22_csrf%22%3Bi%3A1%3Bs%3A32%3A%22jrTEde2qtAxu2VDiQ7mUnt1djajEsFzC%22%3B%7D'
    'PATH' => '/usr/local/sbin:/usr/local/bin:/usr/sbin:/usr/bin:/sbin:/bin'
    'SERVER_SIGNATURE' => '<address>Apache/2.4.38 (Ubuntu) Server at app.loc Port 80</address>
'
    'SERVER_SOFTWARE' => 'Apache/2.4.38 (Ubuntu)'
    'SERVER_NAME' => 'app.loc'
    'SERVER_ADDR' => '127.0.0.1'
    'SERVER_PORT' => '80'
    'REMOTE_ADDR' => '127.0.0.1'
    'DOCUMENT_ROOT' => '/var/www/html/app.loc/web'
    'REQUEST_SCHEME' => 'http'
    'CONTEXT_PREFIX' => ''
    'CONTEXT_DOCUMENT_ROOT' => '/var/www/html/app.loc/web'
    'SERVER_ADMIN' => '[no address given]'
    'SCRIPT_FILENAME' => '/var/www/html/app.loc/web/index.php'
    'REMOTE_PORT' => '55990'
    'GATEWAY_INTERFACE' => 'CGI/1.1'
    'SERVER_PROTOCOL' => 'HTTP/1.1'
    'REQUEST_METHOD' => 'GET'
    'QUERY_STRING' => ''
    'REQUEST_URI' => '/'
    'SCRIPT_NAME' => '/index.php'
    'PHP_SELF' => '/index.php'
    'REQUEST_TIME_FLOAT' => 1553002823.674
    'REQUEST_TIME' => 1553002823
]
2019-03-19 22:45:42 [127.0.0.1][-][bqsud1etjdnj4722qm3tccuq61][error][Error] Error: Unsupported operand types in /var/www/html/app.loc/models/Parser.php:44
Stack trace:
#0 /var/www/html/app.loc/views/site/index.php(13): app\models\Parser->parse(true)
#1 /var/www/html/app.loc/vendor/yiisoft/yii2/base/View.php(336): require('/var/www/html/a...')
#2 /var/www/html/app.loc/vendor/yiisoft/yii2/base/View.php(254): yii\base\View->renderPhpFile('/var/www/html/a...', Array)
#3 /var/www/html/app.loc/vendor/yiisoft/yii2/base/View.php(156): yii\base\View->renderFile('/var/www/html/a...', Array, Object(app\controllers\SiteController))
#4 /var/www/html/app.loc/vendor/yiisoft/yii2/base/Controller.php(384): yii\base\View->render('index', Array, Object(app\controllers\SiteController))
#5 /var/www/html/app.loc/controllers/SiteController.php(66): yii\base\Controller->render('index')
#6 [internal function]: app\controllers\SiteController->actionIndex()
#7 /var/www/html/app.loc/vendor/yiisoft/yii2/base/InlineAction.php(57): call_user_func_array(Array, Array)
#8 /var/www/html/app.loc/vendor/yiisoft/yii2/base/Controller.php(157): yii\base\InlineAction->runWithParams(Array)
#9 /var/www/html/app.loc/vendor/yiisoft/yii2/base/Module.php(528): yii\base\Controller->runAction('index', Array)
#10 /var/www/html/app.loc/vendor/yiisoft/yii2/web/Application.php(103): yii\base\Module->runAction('site/index', Array)
#11 /var/www/html/app.loc/vendor/yiisoft/yii2/base/Application.php(386): yii\web\Application->handleRequest(Object(yii\web\Request))
#12 /var/www/html/app.loc/web/index.php(12): yii\base\Application->run()
#13 {main}
2019-03-19 22:45:42 [127.0.0.1][-][bqsud1etjdnj4722qm3tccuq61][info][application] $_GET = []

$_POST = []

$_FILES = []

$_COOKIE = [
    'PHPSESSID' => 'bqsud1etjdnj4722qm3tccuq61'
    '_csrf' => '13dba1f68db5b6017c233152d01e7f7f1d8d1a37972ee286d9579fbe50a0839ea:2:{i:0;s:5:\"_csrf\";i:1;s:32:\"jrTEde2qtAxu2VDiQ7mUnt1djajEsFzC\";}'
]

$_SESSION = [
    '__flash' => []
]

$_SERVER = [
    'HTTP_HOST' => 'app.loc'
    'HTTP_CONNECTION' => 'keep-alive'
    'HTTP_CACHE_CONTROL' => 'max-age=0'
    'HTTP_UPGRADE_INSECURE_REQUESTS' => '1'
    'HTTP_USER_AGENT' => 'Mozilla/5.0 (X11; Linux x86_64) AppleWebKit/537.36 (KHTML, like Gecko) Chrome/73.0.3683.75 Safari/537.36'
    'HTTP_ACCEPT' => 'text/html,application/xhtml+xml,application/xml;q=0.9,image/webp,image/apng,*/*;q=0.8,application/signed-exchange;v=b3'
    'HTTP_ACCEPT_ENCODING' => 'gzip, deflate'
    'HTTP_ACCEPT_LANGUAGE' => 'ru-RU,ru;q=0.9,en-US;q=0.8,en;q=0.7,cs;q=0.6'
    'HTTP_COOKIE' => 'PHPSESSID=bqsud1etjdnj4722qm3tccuq61; _csrf=13dba1f68db5b6017c233152d01e7f7f1d8d1a37972ee286d9579fbe50a0839ea%3A2%3A%7Bi%3A0%3Bs%3A5%3A%22_csrf%22%3Bi%3A1%3Bs%3A32%3A%22jrTEde2qtAxu2VDiQ7mUnt1djajEsFzC%22%3B%7D'
    'PATH' => '/usr/local/sbin:/usr/local/bin:/usr/sbin:/usr/bin:/sbin:/bin'
    'SERVER_SIGNATURE' => '<address>Apache/2.4.38 (Ubuntu) Server at app.loc Port 80</address>
'
    'SERVER_SOFTWARE' => 'Apache/2.4.38 (Ubuntu)'
    'SERVER_NAME' => 'app.loc'
    'SERVER_ADDR' => '127.0.0.1'
    'SERVER_PORT' => '80'
    'REMOTE_ADDR' => '127.0.0.1'
    'DOCUMENT_ROOT' => '/var/www/html/app.loc/web'
    'REQUEST_SCHEME' => 'http'
    'CONTEXT_PREFIX' => ''
    'CONTEXT_DOCUMENT_ROOT' => '/var/www/html/app.loc/web'
    'SERVER_ADMIN' => '[no address given]'
    'SCRIPT_FILENAME' => '/var/www/html/app.loc/web/index.php'
    'REMOTE_PORT' => '56044'
    'GATEWAY_INTERFACE' => 'CGI/1.1'
    'SERVER_PROTOCOL' => 'HTTP/1.1'
    'REQUEST_METHOD' => 'GET'
    'QUERY_STRING' => ''
    'REQUEST_URI' => '/'
    'SCRIPT_NAME' => '/index.php'
    'PHP_SELF' => '/index.php'
    'REQUEST_TIME_FLOAT' => 1553003142.471
    'REQUEST_TIME' => 1553003142
]
2019-03-19 22:47:02 [127.0.0.1][-][bqsud1etjdnj4722qm3tccuq61][error][yii\base\ErrorException:8] yii\base\ErrorException: Undefined index: word in /var/www/html/app.loc/models/Parser.php:43
Stack trace:
#0 /var/www/html/app.loc/vendor/yiisoft/yii2/base/View.php(336): yii\web\View->unknown()
#1 /var/www/html/app.loc/vendor/yiisoft/yii2/base/View.php(254): yii\web\View->renderPhpFile()
#2 /var/www/html/app.loc/vendor/yiisoft/yii2/base/View.php(156): yii\web\View->renderFile()
#3 /var/www/html/app.loc/vendor/yiisoft/yii2/base/Controller.php(384): yii\web\View->render()
#4 /var/www/html/app.loc/controllers/SiteController.php(66): app\controllers\SiteController->render()
#5 /var/www/html/app.loc/vendor/yiisoft/yii2/base/InlineAction.php(57): app\controllers\SiteController->actionIndex()
#6 /var/www/html/app.loc/vendor/yiisoft/yii2/base/InlineAction.php(57): ::call_user_func_array:{/var/www/html/app.loc/vendor/yiisoft/yii2/base/InlineAction.php:57}()
#7 /var/www/html/app.loc/vendor/yiisoft/yii2/base/Controller.php(157): yii\base\InlineAction->runWithParams()
#8 /var/www/html/app.loc/vendor/yiisoft/yii2/base/Module.php(528): app\controllers\SiteController->runAction()
#9 /var/www/html/app.loc/vendor/yiisoft/yii2/web/Application.php(103): yii\web\Application->runAction()
#10 /var/www/html/app.loc/vendor/yiisoft/yii2/base/Application.php(386): yii\web\Application->handleRequest()
#11 /var/www/html/app.loc/web/index.php(12): yii\web\Application->run()
#12 {main}
2019-03-19 22:47:02 [127.0.0.1][-][bqsud1etjdnj4722qm3tccuq61][info][application] $_GET = []

$_POST = []

$_FILES = []

$_COOKIE = [
    'PHPSESSID' => 'bqsud1etjdnj4722qm3tccuq61'
    '_csrf' => '13dba1f68db5b6017c233152d01e7f7f1d8d1a37972ee286d9579fbe50a0839ea:2:{i:0;s:5:\"_csrf\";i:1;s:32:\"jrTEde2qtAxu2VDiQ7mUnt1djajEsFzC\";}'
]

$_SESSION = [
    '__flash' => []
]

$_SERVER = [
    'HTTP_HOST' => 'app.loc'
    'HTTP_CONNECTION' => 'keep-alive'
    'HTTP_CACHE_CONTROL' => 'max-age=0'
    'HTTP_UPGRADE_INSECURE_REQUESTS' => '1'
    'HTTP_USER_AGENT' => 'Mozilla/5.0 (X11; Linux x86_64) AppleWebKit/537.36 (KHTML, like Gecko) Chrome/73.0.3683.75 Safari/537.36'
    'HTTP_ACCEPT' => 'text/html,application/xhtml+xml,application/xml;q=0.9,image/webp,image/apng,*/*;q=0.8,application/signed-exchange;v=b3'
    'HTTP_ACCEPT_ENCODING' => 'gzip, deflate'
    'HTTP_ACCEPT_LANGUAGE' => 'ru-RU,ru;q=0.9,en-US;q=0.8,en;q=0.7,cs;q=0.6'
    'HTTP_COOKIE' => 'PHPSESSID=bqsud1etjdnj4722qm3tccuq61; _csrf=13dba1f68db5b6017c233152d01e7f7f1d8d1a37972ee286d9579fbe50a0839ea%3A2%3A%7Bi%3A0%3Bs%3A5%3A%22_csrf%22%3Bi%3A1%3Bs%3A32%3A%22jrTEde2qtAxu2VDiQ7mUnt1djajEsFzC%22%3B%7D'
    'PATH' => '/usr/local/sbin:/usr/local/bin:/usr/sbin:/usr/bin:/sbin:/bin'
    'SERVER_SIGNATURE' => '<address>Apache/2.4.38 (Ubuntu) Server at app.loc Port 80</address>
'
    'SERVER_SOFTWARE' => 'Apache/2.4.38 (Ubuntu)'
    'SERVER_NAME' => 'app.loc'
    'SERVER_ADDR' => '127.0.0.1'
    'SERVER_PORT' => '80'
    'REMOTE_ADDR' => '127.0.0.1'
    'DOCUMENT_ROOT' => '/var/www/html/app.loc/web'
    'REQUEST_SCHEME' => 'http'
    'CONTEXT_PREFIX' => ''
    'CONTEXT_DOCUMENT_ROOT' => '/var/www/html/app.loc/web'
    'SERVER_ADMIN' => '[no address given]'
    'SCRIPT_FILENAME' => '/var/www/html/app.loc/web/index.php'
    'REMOTE_PORT' => '56086'
    'GATEWAY_INTERFACE' => 'CGI/1.1'
    'SERVER_PROTOCOL' => 'HTTP/1.1'
    'REQUEST_METHOD' => 'GET'
    'QUERY_STRING' => ''
    'REQUEST_URI' => '/'
    'SCRIPT_NAME' => '/index.php'
    'PHP_SELF' => '/index.php'
    'REQUEST_TIME_FLOAT' => 1553003222.475
    'REQUEST_TIME' => 1553003222
]
2019-03-19 22:59:19 [127.0.0.1][-][bqsud1etjdnj4722qm3tccuq61][error][yii\base\ErrorException:2] yii\base\ErrorException: usort() expects parameter 1 to be array, null given in /var/www/html/app.loc/models/Parser.php:94
Stack trace:
#0 /var/www/html/app.loc/models/Parser.php(50): app\models\Parser->sortData()
#1 /var/www/html/app.loc/views/site/index.php(13): app\models\Parser->parse()
#2 /var/www/html/app.loc/vendor/yiisoft/yii2/base/View.php(336): yii\web\View->unknown()
#3 /var/www/html/app.loc/vendor/yiisoft/yii2/base/View.php(254): yii\web\View->renderPhpFile()
#4 /var/www/html/app.loc/vendor/yiisoft/yii2/base/View.php(156): yii\web\View->renderFile()
#5 /var/www/html/app.loc/vendor/yiisoft/yii2/base/Controller.php(384): yii\web\View->render()
#6 /var/www/html/app.loc/controllers/SiteController.php(66): app\controllers\SiteController->render()
#7 /var/www/html/app.loc/vendor/yiisoft/yii2/base/InlineAction.php(57): app\controllers\SiteController->actionIndex()
#8 /var/www/html/app.loc/vendor/yiisoft/yii2/base/InlineAction.php(57): ::call_user_func_array:{/var/www/html/app.loc/vendor/yiisoft/yii2/base/InlineAction.php:57}()
#9 /var/www/html/app.loc/vendor/yiisoft/yii2/base/Controller.php(157): yii\base\InlineAction->runWithParams()
#10 /var/www/html/app.loc/vendor/yiisoft/yii2/base/Module.php(528): app\controllers\SiteController->runAction()
#11 /var/www/html/app.loc/vendor/yiisoft/yii2/web/Application.php(103): yii\web\Application->runAction()
#12 /var/www/html/app.loc/vendor/yiisoft/yii2/base/Application.php(386): yii\web\Application->handleRequest()
#13 /var/www/html/app.loc/web/index.php(12): yii\web\Application->run()
#14 {main}
2019-03-19 22:59:19 [127.0.0.1][-][bqsud1etjdnj4722qm3tccuq61][info][application] $_GET = []

$_POST = []

$_FILES = []

$_COOKIE = [
    'PHPSESSID' => 'bqsud1etjdnj4722qm3tccuq61'
    '_csrf' => '13dba1f68db5b6017c233152d01e7f7f1d8d1a37972ee286d9579fbe50a0839ea:2:{i:0;s:5:\"_csrf\";i:1;s:32:\"jrTEde2qtAxu2VDiQ7mUnt1djajEsFzC\";}'
]

$_SESSION = [
    '__flash' => []
]

$_SERVER = [
    'HTTP_HOST' => 'app.loc'
    'HTTP_CONNECTION' => 'keep-alive'
    'HTTP_CACHE_CONTROL' => 'max-age=0'
    'HTTP_UPGRADE_INSECURE_REQUESTS' => '1'
    'HTTP_USER_AGENT' => 'Mozilla/5.0 (X11; Linux x86_64) AppleWebKit/537.36 (KHTML, like Gecko) Chrome/73.0.3683.75 Safari/537.36'
    'HTTP_ACCEPT' => 'text/html,application/xhtml+xml,application/xml;q=0.9,image/webp,image/apng,*/*;q=0.8,application/signed-exchange;v=b3'
    'HTTP_ACCEPT_ENCODING' => 'gzip, deflate'
    'HTTP_ACCEPT_LANGUAGE' => 'ru-RU,ru;q=0.9,en-US;q=0.8,en;q=0.7,cs;q=0.6'
    'HTTP_COOKIE' => 'PHPSESSID=bqsud1etjdnj4722qm3tccuq61; _csrf=13dba1f68db5b6017c233152d01e7f7f1d8d1a37972ee286d9579fbe50a0839ea%3A2%3A%7Bi%3A0%3Bs%3A5%3A%22_csrf%22%3Bi%3A1%3Bs%3A32%3A%22jrTEde2qtAxu2VDiQ7mUnt1djajEsFzC%22%3B%7D'
    'PATH' => '/usr/local/sbin:/usr/local/bin:/usr/sbin:/usr/bin:/sbin:/bin'
    'SERVER_SIGNATURE' => '<address>Apache/2.4.38 (Ubuntu) Server at app.loc Port 80</address>
'
    'SERVER_SOFTWARE' => 'Apache/2.4.38 (Ubuntu)'
    'SERVER_NAME' => 'app.loc'
    'SERVER_ADDR' => '127.0.0.1'
    'SERVER_PORT' => '80'
    'REMOTE_ADDR' => '127.0.0.1'
    'DOCUMENT_ROOT' => '/var/www/html/app.loc/web'
    'REQUEST_SCHEME' => 'http'
    'CONTEXT_PREFIX' => ''
    'CONTEXT_DOCUMENT_ROOT' => '/var/www/html/app.loc/web'
    'SERVER_ADMIN' => '[no address given]'
    'SCRIPT_FILENAME' => '/var/www/html/app.loc/web/index.php'
    'REMOTE_PORT' => '56310'
    'GATEWAY_INTERFACE' => 'CGI/1.1'
    'SERVER_PROTOCOL' => 'HTTP/1.1'
    'REQUEST_METHOD' => 'GET'
    'QUERY_STRING' => ''
    'REQUEST_URI' => '/'
    'SCRIPT_NAME' => '/index.php'
    'PHP_SELF' => '/index.php'
    'REQUEST_TIME_FLOAT' => 1553003959.161
    'REQUEST_TIME' => 1553003959
]
2019-03-19 23:00:49 [127.0.0.1][-][bqsud1etjdnj4722qm3tccuq61][error][yii\base\ErrorException:2] yii\base\ErrorException: usort() expects parameter 1 to be array, null given in /var/www/html/app.loc/models/Parser.php:84
Stack trace:
#0 /var/www/html/app.loc/models/Parser.php(50): app\models\Parser->sortData()
#1 /var/www/html/app.loc/views/site/index.php(13): app\models\Parser->parse()
#2 /var/www/html/app.loc/vendor/yiisoft/yii2/base/View.php(336): yii\web\View->unknown()
#3 /var/www/html/app.loc/vendor/yiisoft/yii2/base/View.php(254): yii\web\View->renderPhpFile()
#4 /var/www/html/app.loc/vendor/yiisoft/yii2/base/View.php(156): yii\web\View->renderFile()
#5 /var/www/html/app.loc/vendor/yiisoft/yii2/base/Controller.php(384): yii\web\View->render()
#6 /var/www/html/app.loc/controllers/SiteController.php(66): app\controllers\SiteController->render()
#7 /var/www/html/app.loc/vendor/yiisoft/yii2/base/InlineAction.php(57): app\controllers\SiteController->actionIndex()
#8 /var/www/html/app.loc/vendor/yiisoft/yii2/base/InlineAction.php(57): ::call_user_func_array:{/var/www/html/app.loc/vendor/yiisoft/yii2/base/InlineAction.php:57}()
#9 /var/www/html/app.loc/vendor/yiisoft/yii2/base/Controller.php(157): yii\base\InlineAction->runWithParams()
#10 /var/www/html/app.loc/vendor/yiisoft/yii2/base/Module.php(528): app\controllers\SiteController->runAction()
#11 /var/www/html/app.loc/vendor/yiisoft/yii2/web/Application.php(103): yii\web\Application->runAction()
#12 /var/www/html/app.loc/vendor/yiisoft/yii2/base/Application.php(386): yii\web\Application->handleRequest()
#13 /var/www/html/app.loc/web/index.php(12): yii\web\Application->run()
#14 {main}
2019-03-19 23:00:49 [127.0.0.1][-][bqsud1etjdnj4722qm3tccuq61][info][application] $_GET = []

$_POST = []

$_FILES = []

$_COOKIE = [
    'PHPSESSID' => 'bqsud1etjdnj4722qm3tccuq61'
    '_csrf' => '13dba1f68db5b6017c233152d01e7f7f1d8d1a37972ee286d9579fbe50a0839ea:2:{i:0;s:5:\"_csrf\";i:1;s:32:\"jrTEde2qtAxu2VDiQ7mUnt1djajEsFzC\";}'
]

$_SESSION = [
    '__flash' => []
]

$_SERVER = [
    'HTTP_HOST' => 'app.loc'
    'HTTP_CONNECTION' => 'keep-alive'
    'HTTP_CACHE_CONTROL' => 'max-age=0'
    'HTTP_UPGRADE_INSECURE_REQUESTS' => '1'
    'HTTP_USER_AGENT' => 'Mozilla/5.0 (X11; Linux x86_64) AppleWebKit/537.36 (KHTML, like Gecko) Chrome/73.0.3683.75 Safari/537.36'
    'HTTP_ACCEPT' => 'text/html,application/xhtml+xml,application/xml;q=0.9,image/webp,image/apng,*/*;q=0.8,application/signed-exchange;v=b3'
    'HTTP_ACCEPT_ENCODING' => 'gzip, deflate'
    'HTTP_ACCEPT_LANGUAGE' => 'ru-RU,ru;q=0.9,en-US;q=0.8,en;q=0.7,cs;q=0.6'
    'HTTP_COOKIE' => 'PHPSESSID=bqsud1etjdnj4722qm3tccuq61; _csrf=13dba1f68db5b6017c233152d01e7f7f1d8d1a37972ee286d9579fbe50a0839ea%3A2%3A%7Bi%3A0%3Bs%3A5%3A%22_csrf%22%3Bi%3A1%3Bs%3A32%3A%22jrTEde2qtAxu2VDiQ7mUnt1djajEsFzC%22%3B%7D'
    'PATH' => '/usr/local/sbin:/usr/local/bin:/usr/sbin:/usr/bin:/sbin:/bin'
    'SERVER_SIGNATURE' => '<address>Apache/2.4.38 (Ubuntu) Server at app.loc Port 80</address>
'
    'SERVER_SOFTWARE' => 'Apache/2.4.38 (Ubuntu)'
    'SERVER_NAME' => 'app.loc'
    'SERVER_ADDR' => '127.0.0.1'
    'SERVER_PORT' => '80'
    'REMOTE_ADDR' => '127.0.0.1'
    'DOCUMENT_ROOT' => '/var/www/html/app.loc/web'
    'REQUEST_SCHEME' => 'http'
    'CONTEXT_PREFIX' => ''
    'CONTEXT_DOCUMENT_ROOT' => '/var/www/html/app.loc/web'
    'SERVER_ADMIN' => '[no address given]'
    'SCRIPT_FILENAME' => '/var/www/html/app.loc/web/index.php'
    'REMOTE_PORT' => '56326'
    'GATEWAY_INTERFACE' => 'CGI/1.1'
    'SERVER_PROTOCOL' => 'HTTP/1.1'
    'REQUEST_METHOD' => 'GET'
    'QUERY_STRING' => ''
    'REQUEST_URI' => '/'
    'SCRIPT_NAME' => '/index.php'
    'PHP_SELF' => '/index.php'
    'REQUEST_TIME_FLOAT' => 1553004049.198
    'REQUEST_TIME' => 1553004049
]
2019-03-19 23:24:37 [127.0.0.1][-][bqsud1etjdnj4722qm3tccuq61][error][yii\base\ErrorException:8] yii\base\ErrorException: Undefined offset: 0 in /var/www/html/app.loc/models/Parser.php:104
Stack trace:
#0 /var/www/html/app.loc/views/site/index.php(13): app\models\Parser->parse()
#1 /var/www/html/app.loc/vendor/yiisoft/yii2/base/View.php(336): yii\web\View->unknown()
#2 /var/www/html/app.loc/vendor/yiisoft/yii2/base/View.php(254): yii\web\View->renderPhpFile()
#3 /var/www/html/app.loc/vendor/yiisoft/yii2/base/View.php(156): yii\web\View->renderFile()
#4 /var/www/html/app.loc/vendor/yiisoft/yii2/base/Controller.php(384): yii\web\View->render()
#5 /var/www/html/app.loc/controllers/SiteController.php(66): app\controllers\SiteController->render()
#6 /var/www/html/app.loc/vendor/yiisoft/yii2/base/InlineAction.php(57): app\controllers\SiteController->actionIndex()
#7 /var/www/html/app.loc/vendor/yiisoft/yii2/base/InlineAction.php(57): ::call_user_func_array:{/var/www/html/app.loc/vendor/yiisoft/yii2/base/InlineAction.php:57}()
#8 /var/www/html/app.loc/vendor/yiisoft/yii2/base/Controller.php(157): yii\base\InlineAction->runWithParams()
#9 /var/www/html/app.loc/vendor/yiisoft/yii2/base/Module.php(528): app\controllers\SiteController->runAction()
#10 /var/www/html/app.loc/vendor/yiisoft/yii2/web/Application.php(103): yii\web\Application->runAction()
#11 /var/www/html/app.loc/vendor/yiisoft/yii2/base/Application.php(386): yii\web\Application->handleRequest()
#12 /var/www/html/app.loc/web/index.php(12): yii\web\Application->run()
#13 {main}
2019-03-19 23:24:37 [127.0.0.1][-][bqsud1etjdnj4722qm3tccuq61][info][application] $_GET = []

$_POST = []

$_FILES = []

$_COOKIE = [
    'PHPSESSID' => 'bqsud1etjdnj4722qm3tccuq61'
    '_csrf' => '13dba1f68db5b6017c233152d01e7f7f1d8d1a37972ee286d9579fbe50a0839ea:2:{i:0;s:5:\"_csrf\";i:1;s:32:\"jrTEde2qtAxu2VDiQ7mUnt1djajEsFzC\";}'
]

$_SESSION = [
    '__flash' => []
]

$_SERVER = [
    'HTTP_HOST' => 'app.loc'
    'HTTP_CONNECTION' => 'keep-alive'
    'HTTP_CACHE_CONTROL' => 'max-age=0'
    'HTTP_UPGRADE_INSECURE_REQUESTS' => '1'
    'HTTP_USER_AGENT' => 'Mozilla/5.0 (X11; Linux x86_64) AppleWebKit/537.36 (KHTML, like Gecko) Chrome/73.0.3683.75 Safari/537.36'
    'HTTP_ACCEPT' => 'text/html,application/xhtml+xml,application/xml;q=0.9,image/webp,image/apng,*/*;q=0.8,application/signed-exchange;v=b3'
    'HTTP_ACCEPT_ENCODING' => 'gzip, deflate'
    'HTTP_ACCEPT_LANGUAGE' => 'ru-RU,ru;q=0.9,en-US;q=0.8,en;q=0.7,cs;q=0.6'
    'HTTP_COOKIE' => 'PHPSESSID=bqsud1etjdnj4722qm3tccuq61; _csrf=13dba1f68db5b6017c233152d01e7f7f1d8d1a37972ee286d9579fbe50a0839ea%3A2%3A%7Bi%3A0%3Bs%3A5%3A%22_csrf%22%3Bi%3A1%3Bs%3A32%3A%22jrTEde2qtAxu2VDiQ7mUnt1djajEsFzC%22%3B%7D'
    'PATH' => '/usr/local/sbin:/usr/local/bin:/usr/sbin:/usr/bin:/sbin:/bin'
    'SERVER_SIGNATURE' => '<address>Apache/2.4.38 (Ubuntu) Server at app.loc Port 80</address>
'
    'SERVER_SOFTWARE' => 'Apache/2.4.38 (Ubuntu)'
    'SERVER_NAME' => 'app.loc'
    'SERVER_ADDR' => '127.0.0.1'
    'SERVER_PORT' => '80'
    'REMOTE_ADDR' => '127.0.0.1'
    'DOCUMENT_ROOT' => '/var/www/html/app.loc/web'
    'REQUEST_SCHEME' => 'http'
    'CONTEXT_PREFIX' => ''
    'CONTEXT_DOCUMENT_ROOT' => '/var/www/html/app.loc/web'
    'SERVER_ADMIN' => '[no address given]'
    'SCRIPT_FILENAME' => '/var/www/html/app.loc/web/index.php'
    'REMOTE_PORT' => '57132'
    'GATEWAY_INTERFACE' => 'CGI/1.1'
    'SERVER_PROTOCOL' => 'HTTP/1.1'
    'REQUEST_METHOD' => 'GET'
    'QUERY_STRING' => ''
    'REQUEST_URI' => '/'
    'SCRIPT_NAME' => '/index.php'
    'PHP_SELF' => '/index.php'
    'REQUEST_TIME_FLOAT' => 1553005477.676
    'REQUEST_TIME' => 1553005477
]
2019-03-19 23:38:14 [127.0.0.1][-][bqsud1etjdnj4722qm3tccuq61][error][yii\web\HttpException:400] yii\web\HttpException: Не могу получить контент с ресурса some.txt.
 Ошибка: file_get_contents(some.txt): failed to open stream: No such file or directory in /var/www/html/app.loc/models/Parser.php:76
Stack trace:
#0 /var/www/html/app.loc/models/Parser.php(32): app\models\Parser->getContent()
#1 /var/www/html/app.loc/views/site/index.php(13): app\models\Parser->parse(true)
#2 /var/www/html/app.loc/vendor/yiisoft/yii2/base/View.php(336): require('/var/www/html/a...')
#3 /var/www/html/app.loc/vendor/yiisoft/yii2/base/View.php(254): yii\base\View->renderPhpFile('/var/www/html/a...', Array)
#4 /var/www/html/app.loc/vendor/yiisoft/yii2/base/View.php(156): yii\base\View->renderFile('/var/www/html/a...', Array, Object(app\controllers\SiteController))
#5 /var/www/html/app.loc/vendor/yiisoft/yii2/base/Controller.php(384): yii\base\View->render('index', Array, Object(app\controllers\SiteController))
#6 /var/www/html/app.loc/controllers/SiteController.php(66): yii\base\Controller->render('index')
#7 [internal function]: app\controllers\SiteController->actionIndex()
#8 /var/www/html/app.loc/vendor/yiisoft/yii2/base/InlineAction.php(57): call_user_func_array(Array, Array)
#9 /var/www/html/app.loc/vendor/yiisoft/yii2/base/Controller.php(157): yii\base\InlineAction->runWithParams(Array)
#10 /var/www/html/app.loc/vendor/yiisoft/yii2/base/Module.php(528): yii\base\Controller->runAction('index', Array)
#11 /var/www/html/app.loc/vendor/yiisoft/yii2/web/Application.php(103): yii\base\Module->runAction('site/index', Array)
#12 /var/www/html/app.loc/vendor/yiisoft/yii2/base/Application.php(386): yii\web\Application->handleRequest(Object(yii\web\Request))
#13 /var/www/html/app.loc/web/index.php(12): yii\base\Application->run()
#14 {main}
2019-03-19 23:38:14 [127.0.0.1][-][bqsud1etjdnj4722qm3tccuq61][info][application] $_GET = []

$_POST = []

$_FILES = []

$_COOKIE = [
    'PHPSESSID' => 'bqsud1etjdnj4722qm3tccuq61'
    '_csrf' => '13dba1f68db5b6017c233152d01e7f7f1d8d1a37972ee286d9579fbe50a0839ea:2:{i:0;s:5:\"_csrf\";i:1;s:32:\"jrTEde2qtAxu2VDiQ7mUnt1djajEsFzC\";}'
]

$_SESSION = [
    '__flash' => []
]

$_SERVER = [
    'HTTP_HOST' => 'app.loc'
    'HTTP_CONNECTION' => 'keep-alive'
    'HTTP_CACHE_CONTROL' => 'max-age=0'
    'HTTP_UPGRADE_INSECURE_REQUESTS' => '1'
    'HTTP_USER_AGENT' => 'Mozilla/5.0 (X11; Linux x86_64) AppleWebKit/537.36 (KHTML, like Gecko) Chrome/73.0.3683.75 Safari/537.36'
    'HTTP_ACCEPT' => 'text/html,application/xhtml+xml,application/xml;q=0.9,image/webp,image/apng,*/*;q=0.8,application/signed-exchange;v=b3'
    'HTTP_ACCEPT_ENCODING' => 'gzip, deflate'
    'HTTP_ACCEPT_LANGUAGE' => 'ru-RU,ru;q=0.9,en-US;q=0.8,en;q=0.7,cs;q=0.6'
    'HTTP_COOKIE' => 'PHPSESSID=bqsud1etjdnj4722qm3tccuq61; _csrf=13dba1f68db5b6017c233152d01e7f7f1d8d1a37972ee286d9579fbe50a0839ea%3A2%3A%7Bi%3A0%3Bs%3A5%3A%22_csrf%22%3Bi%3A1%3Bs%3A32%3A%22jrTEde2qtAxu2VDiQ7mUnt1djajEsFzC%22%3B%7D'
    'PATH' => '/usr/local/sbin:/usr/local/bin:/usr/sbin:/usr/bin:/sbin:/bin'
    'SERVER_SIGNATURE' => '<address>Apache/2.4.38 (Ubuntu) Server at app.loc Port 80</address>
'
    'SERVER_SOFTWARE' => 'Apache/2.4.38 (Ubuntu)'
    'SERVER_NAME' => 'app.loc'
    'SERVER_ADDR' => '127.0.0.1'
    'SERVER_PORT' => '80'
    'REMOTE_ADDR' => '127.0.0.1'
    'DOCUMENT_ROOT' => '/var/www/html/app.loc/web'
    'REQUEST_SCHEME' => 'http'
    'CONTEXT_PREFIX' => ''
    'CONTEXT_DOCUMENT_ROOT' => '/var/www/html/app.loc/web'
    'SERVER_ADMIN' => '[no address given]'
    'SCRIPT_FILENAME' => '/var/www/html/app.loc/web/index.php'
    'REMOTE_PORT' => '58254'
    'GATEWAY_INTERFACE' => 'CGI/1.1'
    'SERVER_PROTOCOL' => 'HTTP/1.1'
    'REQUEST_METHOD' => 'GET'
    'QUERY_STRING' => ''
    'REQUEST_URI' => '/'
    'SCRIPT_NAME' => '/index.php'
    'PHP_SELF' => '/index.php'
    'REQUEST_TIME_FLOAT' => 1553006294.933
    'REQUEST_TIME' => 1553006294
]
2019-03-19 23:53:13 [127.0.0.1][-][bqsud1etjdnj4722qm3tccuq61][error][yii\web\HttpException:400] yii\web\HttpException: Не могу получить контент с ресурса soeme.txt.
 Ошибка: file_get_contents(soeme.txt): failed to open stream: No such file or directory in /var/www/html/app.loc/models/Parser.php:76
Stack trace:
#0 /var/www/html/app.loc/models/Parser.php(32): app\models\Parser->getContent()
#1 /var/www/html/app.loc/views/site/index.php(13): app\models\Parser->parse(true)
#2 /var/www/html/app.loc/vendor/yiisoft/yii2/base/View.php(336): require('/var/www/html/a...')
#3 /var/www/html/app.loc/vendor/yiisoft/yii2/base/View.php(254): yii\base\View->renderPhpFile('/var/www/html/a...', Array)
#4 /var/www/html/app.loc/vendor/yiisoft/yii2/base/View.php(156): yii\base\View->renderFile('/var/www/html/a...', Array, Object(app\controllers\SiteController))
#5 /var/www/html/app.loc/vendor/yiisoft/yii2/base/Controller.php(384): yii\base\View->render('index', Array, Object(app\controllers\SiteController))
#6 /var/www/html/app.loc/controllers/SiteController.php(66): yii\base\Controller->render('index')
#7 [internal function]: app\controllers\SiteController->actionIndex()
#8 /var/www/html/app.loc/vendor/yiisoft/yii2/base/InlineAction.php(57): call_user_func_array(Array, Array)
#9 /var/www/html/app.loc/vendor/yiisoft/yii2/base/Controller.php(157): yii\base\InlineAction->runWithParams(Array)
#10 /var/www/html/app.loc/vendor/yiisoft/yii2/base/Module.php(528): yii\base\Controller->runAction('index', Array)
#11 /var/www/html/app.loc/vendor/yiisoft/yii2/web/Application.php(103): yii\base\Module->runAction('site/index', Array)
#12 /var/www/html/app.loc/vendor/yiisoft/yii2/base/Application.php(386): yii\web\Application->handleRequest(Object(yii\web\Request))
#13 /var/www/html/app.loc/web/index.php(12): yii\base\Application->run()
#14 {main}
2019-03-19 23:53:13 [127.0.0.1][-][bqsud1etjdnj4722qm3tccuq61][info][application] $_GET = []

$_POST = []

$_FILES = []

$_COOKIE = [
    'PHPSESSID' => 'bqsud1etjdnj4722qm3tccuq61'
    '_csrf' => '13dba1f68db5b6017c233152d01e7f7f1d8d1a37972ee286d9579fbe50a0839ea:2:{i:0;s:5:\"_csrf\";i:1;s:32:\"jrTEde2qtAxu2VDiQ7mUnt1djajEsFzC\";}'
]

$_SESSION = [
    '__flash' => []
]

$_SERVER = [
    'HTTP_HOST' => 'app.loc'
    'HTTP_CONNECTION' => 'keep-alive'
    'HTTP_CACHE_CONTROL' => 'max-age=0'
    'HTTP_UPGRADE_INSECURE_REQUESTS' => '1'
    'HTTP_USER_AGENT' => 'Mozilla/5.0 (X11; Linux x86_64) AppleWebKit/537.36 (KHTML, like Gecko) Chrome/73.0.3683.75 Safari/537.36'
    'HTTP_ACCEPT' => 'text/html,application/xhtml+xml,application/xml;q=0.9,image/webp,image/apng,*/*;q=0.8,application/signed-exchange;v=b3'
    'HTTP_ACCEPT_ENCODING' => 'gzip, deflate'
    'HTTP_ACCEPT_LANGUAGE' => 'ru-RU,ru;q=0.9,en-US;q=0.8,en;q=0.7,cs;q=0.6'
    'HTTP_COOKIE' => 'PHPSESSID=bqsud1etjdnj4722qm3tccuq61; _csrf=13dba1f68db5b6017c233152d01e7f7f1d8d1a37972ee286d9579fbe50a0839ea%3A2%3A%7Bi%3A0%3Bs%3A5%3A%22_csrf%22%3Bi%3A1%3Bs%3A32%3A%22jrTEde2qtAxu2VDiQ7mUnt1djajEsFzC%22%3B%7D'
    'PATH' => '/usr/local/sbin:/usr/local/bin:/usr/sbin:/usr/bin:/sbin:/bin'
    'SERVER_SIGNATURE' => '<address>Apache/2.4.38 (Ubuntu) Server at app.loc Port 80</address>
'
    'SERVER_SOFTWARE' => 'Apache/2.4.38 (Ubuntu)'
    'SERVER_NAME' => 'app.loc'
    'SERVER_ADDR' => '127.0.0.1'
    'SERVER_PORT' => '80'
    'REMOTE_ADDR' => '127.0.0.1'
    'DOCUMENT_ROOT' => '/var/www/html/app.loc/web'
    'REQUEST_SCHEME' => 'http'
    'CONTEXT_PREFIX' => ''
    'CONTEXT_DOCUMENT_ROOT' => '/var/www/html/app.loc/web'
    'SERVER_ADMIN' => '[no address given]'
    'SCRIPT_FILENAME' => '/var/www/html/app.loc/web/index.php'
    'REMOTE_PORT' => '33228'
    'GATEWAY_INTERFACE' => 'CGI/1.1'
    'SERVER_PROTOCOL' => 'HTTP/1.1'
    'REQUEST_METHOD' => 'GET'
    'QUERY_STRING' => ''
    'REQUEST_URI' => '/'
    'SCRIPT_NAME' => '/index.php'
    'PHP_SELF' => '/index.php'
    'REQUEST_TIME_FLOAT' => 1553007193.654
    'REQUEST_TIME' => 1553007193
]
